#
# There is insufficient memory for the Java Runtime Environment to continue.
# Native memory allocation (malloc) failed to allocate 1048576 bytes. Error detail: AllocateHeap
# Possible reasons:
#   The system is out of physical RAM or swap space
#   This process is running with CompressedOops enabled, and the Java Heap may be blocking the growth of the native heap
# Possible solutions:
#   Reduce memory load on the system
#   Increase physical memory or swap space
#   Check if swap backing store is full
#   Decrease Java heap size (-Xmx/-Xms)
#   Decrease number of Java threads
#   Decrease Java thread stack sizes (-Xss)
#   Set larger code cache with -XX:ReservedCodeCacheSize=
#   JVM is running with Zero Based Compressed Oops mode in which the Java heap is
#     placed in the first 32GB address space. The Java Heap base address is the
#     maximum limit for the native heap growth. Please use -XX:HeapBaseMinAddress
#     to set the Java Heap base and to place the Java Heap above 32GB virtual address.
# This output file may be truncated or incomplete.
#
#  Out of Memory Error (allocation.cpp:44), pid=18400, tid=17956
#
# JRE version:  (21.0.6) (build )
# Java VM: OpenJDK 64-Bit Server VM (21.0.6+-13368085-b895.109, mixed mode, sharing, tiered, compressed oops, compressed class ptrs, g1 gc, windows-amd64)
# No core dump will be written. Minidumps are not enabled by default on client versions of Windows
#

---------------  S U M M A R Y ------------

Command Line: 

Host: AMD Ryzen 5 PRO 3500U w/ Radeon Vega Mobile Gfx, 8 cores, 13G,  Windows 11 , 64 bit Build 26100 (10.0.26100.4768)
Time: Sat Aug 16 06:13:32 2025 Pacific Daylight Time elapsed time: 0.822535 seconds (0d 0h 0m 0s)

---------------  T H R E A D  ---------------

Current thread (0x00000289cfd798e0):  JavaThread "Unknown thread" [_thread_in_vm, id=17956, stack(0x000000be2bf00000,0x000000be2c000000) (1024K)]

Stack: [0x000000be2bf00000,0x000000be2c000000]
Native frames: (J=compiled Java code, j=interpreted, Vv=VM code, C=native code)
V  [jvm.dll+0x6d0639]
V  [jvm.dll+0x85eb03]
V  [jvm.dll+0x86105e]
V  [jvm.dll+0x861743]
V  [jvm.dll+0x27e6e6]
V  [jvm.dll+0xba6e7]
V  [jvm.dll+0x330105]
V  [jvm.dll+0x3286f1]
V  [jvm.dll+0x826549]
V  [jvm.dll+0x3bc158]
V  [jvm.dll+0x80f7f8]
V  [jvm.dll+0x45035e]
V  [jvm.dll+0x451ac1]
C  [jli.dll+0x52ab]
C  [ucrtbase.dll+0x37b0]
C  [KERNEL32.DLL+0x2e8d7]
C  [ntdll.dll+0x3c34c]


---------------  P R O C E S S  ---------------

Threads class SMR info:
_java_thread_list=0x00007fffee231848, length=0, elements={
}

Java Threads: ( => current thread )
Total: 0

Other Threads:
  0x00000289cfdd2620 WorkerThread "GC Thread#0"                     [id=17316, stack(0x000000be2c000000,0x000000be2c100000) (1024K)]

[error occurred during error reporting (printing all threads), id 0xc0000005, EXCEPTION_ACCESS_VIOLATION (0xc0000005) at pc=0x00007fffeda24c30]
VM state: not at safepoint (not fully initialized)

VM Mutex/Monitor currently owned by a thread:  ([mutex/lock_event])
[0x00007fffee29e4a0] Heap_lock - owner thread: 0x00000289cfd798e0

Heap address: 0x0000000721000000, size: 3568 MB, Compressed Oops mode: Zero based, Oop shift amount: 3

CDS archive(s) mapped at: [0x0000000000000000-0x0000000000000000-0x0000000000000000), size 0, SharedBaseAddress: 0x0000000800000000, ArchiveRelocationMode: 1.
Narrow klass base: 0x0000000000000000, Narrow klass shift: 0, Narrow klass range: 0x0

GC Precious Log:
 CardTable entry size: 512
 Card Set container configuration: InlinePtr #cards 4 size 8 Array Of Cards #cards 16 size 48 Howl #buckets 8 coarsen threshold 3686 Howl Bitmap #cards 512 size 80 coarsen threshold 460 Card regions per heap region 1 cards per card region 4096

Heap:
 garbage-first heap   total 0K, used 0K [0x0000000721000000, 0x0000000800000000)
  region size 2048K, 0 young (0K), 0 survivors (0K)
 Metaspace       used 0K, committed 0K, reserved 0K
  class space    used 0K, committed 0K, reserved 0K

Heap Regions: E=young(eden), S=young(survivor), O=old, HS=humongous(starts), HC=humongous(continues), CS=collection set, F=free, TAMS=top-at-mark-start, PB=parsable bottom

Card table byte_map: [0x00000289e2910000,0x00000289e3010000] _byte_map_base: 0x00000289df008000

GC Heap History (0 events):
No events

Dll operation events (1 events):
Event: 0.010 Loaded shared library C:\Program Files\Android\Android Studio\jbr\bin\java.dll

Deoptimization events (0 events):
No events

Classes loaded (0 events):
No events

Classes unloaded (0 events):
No events

Classes redefined (0 events):
No events

Internal exceptions (0 events):
No events

ZGC Phase Switch (0 events):
No events

VM Operations (0 events):
No events

Memory protections (0 events):
No events

Nmethod flushes (0 events):
No events

Events (0 events):
No events


Dynamic libraries:
0x00007ff780cb0000 - 0x00007ff780cba000 	C:\Program Files\Android\Android Studio\jbr\bin\java.EXE
0x00007ff887d60000 - 0x00007ff887fc7000 	C:\WINDOWS\SYSTEM32\ntdll.dll
0x00007ff8863d0000 - 0x00007ff886499000 	C:\WINDOWS\System32\KERNEL32.DLL
0x00007ff885340000 - 0x00007ff885730000 	C:\WINDOWS\System32\KERNELBASE.dll
0x00007ff885160000 - 0x00007ff8852ab000 	C:\WINDOWS\System32\ucrtbase.dll
0x00007ff87cdb0000 - 0x00007ff87cdc8000 	C:\Program Files\Android\Android Studio\jbr\bin\jli.dll
0x00007ff8705d0000 - 0x00007ff8705eb000 	C:\Program Files\Android\Android Studio\jbr\bin\VCRUNTIME140.dll
0x00007ff886eb0000 - 0x00007ff887075000 	C:\WINDOWS\System32\USER32.dll
0x00007ff86b1d0000 - 0x00007ff86b46a000 	C:\WINDOWS\WinSxS\amd64_microsoft.windows.common-controls_6595b64144ccf1df_6.0.26100.4768_none_3e0c112ce331287c\COMCTL32.dll
0x00007ff885880000 - 0x00007ff8858a7000 	C:\WINDOWS\System32\win32u.dll
0x00007ff885f80000 - 0x00007ff886029000 	C:\WINDOWS\System32\msvcrt.dll
0x00007ff887960000 - 0x00007ff88798b000 	C:\WINDOWS\System32\GDI32.dll
0x00007ff885740000 - 0x00007ff885878000 	C:\WINDOWS\System32\gdi32full.dll
0x00007ff885010000 - 0x00007ff8850b3000 	C:\WINDOWS\System32\msvcp_win.dll
0x00007ff886720000 - 0x00007ff88674f000 	C:\WINDOWS\System32\IMM32.DLL
0x00007ff872b70000 - 0x00007ff872b7c000 	C:\Program Files\Android\Android Studio\jbr\bin\vcruntime140_1.dll
0x00007ff83dec0000 - 0x00007ff83df4d000 	C:\Program Files\Android\Android Studio\jbr\bin\msvcp140.dll
0x00007fffed6f0000 - 0x00007fffee37b000 	C:\Program Files\Android\Android Studio\jbr\bin\server\jvm.dll
0x00007ff8878a0000 - 0x00007ff887954000 	C:\WINDOWS\System32\ADVAPI32.dll
0x00007ff886150000 - 0x00007ff8861f6000 	C:\WINDOWS\System32\sechost.dll
0x00007ff887080000 - 0x00007ff887198000 	C:\WINDOWS\System32\RPCRT4.dll
0x00007ff886690000 - 0x00007ff886704000 	C:\WINDOWS\System32\WS2_32.dll
0x00007ff884d10000 - 0x00007ff884d6e000 	C:\WINDOWS\SYSTEM32\POWRPROF.dll
0x00007ff874210000 - 0x00007ff874245000 	C:\WINDOWS\SYSTEM32\WINMM.dll
0x00007ff8828e0000 - 0x00007ff8828eb000 	C:\WINDOWS\SYSTEM32\VERSION.dll
0x00007ff884cd0000 - 0x00007ff884ce4000 	C:\WINDOWS\SYSTEM32\UMPDC.dll
0x00007ff883c10000 - 0x00007ff883c2b000 	C:\WINDOWS\SYSTEM32\kernel.appcore.dll
0x00007ff86d6f0000 - 0x00007ff86d6fa000 	C:\Program Files\Android\Android Studio\jbr\bin\jimage.dll
0x00007ff87a4e0000 - 0x00007ff87a721000 	C:\WINDOWS\SYSTEM32\DBGHELP.DLL
0x00007ff887220000 - 0x00007ff8875a5000 	C:\WINDOWS\System32\combase.dll
0x00007ff887b20000 - 0x00007ff887c00000 	C:\WINDOWS\System32\OLEAUT32.dll
0x00007ff8787a0000 - 0x00007ff8787e3000 	C:\WINDOWS\SYSTEM32\dbgcore.DLL
0x00007ff8850c0000 - 0x00007ff885159000 	C:\WINDOWS\System32\bcryptPrimitives.dll
0x00007ff868fc0000 - 0x00007ff868fe0000 	C:\Program Files\Android\Android Studio\jbr\bin\java.dll

dbghelp: loaded successfully - version: 4.0.5 - missing functions: none
symbol engine: initialized successfully - sym options: 0x614 - pdb path: .;C:\Program Files\Android\Android Studio\jbr\bin;C:\WINDOWS\SYSTEM32;C:\WINDOWS\WinSxS\amd64_microsoft.windows.common-controls_6595b64144ccf1df_6.0.26100.4768_none_3e0c112ce331287c;C:\Program Files\Android\Android Studio\jbr\bin\server

VM Arguments:
java_command: <unknown>
java_class_path (initial): <not set>
Launcher Type: SUN_STANDARD

[Global flags]
     intx CICompilerCount                          = 4                                         {product} {ergonomic}
     uint ConcGCThreads                            = 2                                         {product} {ergonomic}
     uint G1ConcRefinementThreads                  = 8                                         {product} {ergonomic}
   size_t G1HeapRegionSize                         = 2097152                                   {product} {ergonomic}
    uintx GCDrainStackTargetSize                   = 64                                        {product} {ergonomic}
   size_t InitialHeapSize                          = 234881024                                 {product} {ergonomic}
   size_t MarkStackSize                            = 4194304                                   {product} {ergonomic}
   size_t MaxHeapSize                              = 3741319168                                {product} {ergonomic}
   size_t MinHeapDeltaBytes                        = 2097152                                   {product} {ergonomic}
   size_t MinHeapSize                              = 8388608                                   {product} {ergonomic}
    uintx NonNMethodCodeHeapSize                   = 5839372                                {pd product} {ergonomic}
    uintx NonProfiledCodeHeapSize                  = 122909434                              {pd product} {ergonomic}
    uintx ProfiledCodeHeapSize                     = 122909434                              {pd product} {ergonomic}
    uintx ReservedCodeCacheSize                    = 251658240                              {pd product} {ergonomic}
     bool SegmentedCodeCache                       = true                                      {product} {ergonomic}
   size_t SoftMaxHeapSize                          = 3741319168                             {manageable} {ergonomic}
     bool UseCompressedOops                        = true                           {product lp64_product} {ergonomic}
     bool UseG1GC                                  = true                                      {product} {ergonomic}
     bool UseLargePagesIndividualAllocation        = false                                  {pd product} {ergonomic}

Logging:
Log output configuration:
 #0: stdout all=warning uptime,level,tags foldmultilines=false
 #1: stderr all=off uptime,level,tags foldmultilines=false

Environment Variables:
JAVA_HOME=C:\Program Files\Java\jdk-17
PATH=C:\Program Files\Common Files\Oracle\Java\javapath;C:\WINDOWS\system32;C:\WINDOWS;C:\WINDOWS\System32\Wbem;C:\WINDOWS\System32\WindowsPowerShell\v1.0\;C:\WINDOWS\System32\OpenSSH\;C:\Program Files\Git\cmd;D:\flutter\bin;C:\Users\LAPTOP INSIDE\AppData\Local\Android\Sdk\platform-tools;C:\Users\LAPTOP INSIDE\AppData\Local\Microsoft\WindowsApps;C:\Users\LAPTOP INSIDE\AppData\Local\Programs\Microsoft VS Code\bin;;D:\flutter\bin\mingit\cmd;D:\flutter\bin\mingit\cmd
USERNAME=LAPTOP INSIDE
OS=Windows_NT
PROCESSOR_IDENTIFIER=AMD64 Family 23 Model 24 Stepping 1, AuthenticAMD
TMP=C:\Users\LAPTOP~1\AppData\Local\Temp
TEMP=C:\Users\LAPTOP~1\AppData\Local\Temp




Periodic native trim disabled

JNI global refs:
JNI global refs: 0, weak refs: 0

JNI global refs memory usage: 0, weak refs: 0

Process memory usage:
Resident Set Size: 12736K (0% of 14611788K total physical memory with 970544K free physical memory)

OOME stack traces (most recent first):
Classloader memory used:

---------------  S Y S T E M  ---------------

OS:
 Windows 11 , 64 bit Build 26100 (10.0.26100.4768)
OS uptime: 0 days 23:38 hours

CPU: total 8 (initial active 8) (8 cores per cpu, 2 threads per core) family 23 model 24 stepping 1 microcode 0x8108109, cx8, cmov, fxsr, ht, mmx, 3dnowpref, sse, sse2, sse3, ssse3, sse4a, sse4.1, sse4.2, popcnt, lzcnt, tsc, tscinvbit, avx, avx2, aes, clmul, bmi1, bmi2, adx, sha, fma, vzeroupper, clflush, clflushopt, rdtscp, f16c
Processor Information for the first 8 processors :
  Max Mhz: 2100, Current Mhz: 2100, Mhz Limit: 2100

Memory: 4k page, system-wide physical 14269M (947M free)
TotalPageFile size 29683M (AvailPageFile size 24M)
current process WorkingSet (physical memory assigned to process): 12M, peak: 12M
current process commit charge ("private bytes"): 58M, peak: 59M

vm_info: OpenJDK 64-Bit Server VM (21.0.6+-13368085-b895.109) for windows-amd64 JRE (21.0.6+-13368085-b895.109), built on 2025-04-16T17:01:31Z by "builder" with MS VC++ 16.10 / 16.11 (VS2019)

END.
