#
# There is insufficient memory for the Java Runtime Environment to continue.
# Native memory allocation (malloc) failed to allocate 1875296 bytes for Chunk::new
# Possible reasons:
#   The system is out of physical RAM or swap space
#   The process is running with CompressedOops enabled, and the Java Heap may be blocking the growth of the native heap
# Possible solutions:
#   Reduce memory load on the system
#   Increase physical memory or swap space
#   Check if swap backing store is full
#   Decrease Java heap size (-Xmx/-Xms)
#   Decrease number of Java threads
#   Decrease Java thread stack sizes (-Xss)
#   Set larger code cache with -XX:ReservedCodeCacheSize=
#   JVM is running with Zero Based Compressed Oops mode in which the Java heap is
#     placed in the first 32GB address space. The Java Heap base address is the
#     maximum limit for the native heap growth. Please use -XX:HeapBaseMinAddress
#     to set the Java Heap base and to place the Java Heap above 32GB virtual address.
# This output file may be truncated or incomplete.
#
#  Out of Memory Error (arena.cpp:189), pid=21456, tid=2476
#
# JRE version: Java(TM) SE Runtime Environment (17.0.12+8) (build 17.0.12+8-LTS-286)
# Java VM: Java HotSpot(TM) 64-Bit Server VM (17.0.12+8-LTS-286, mixed mode, sharing, tiered, compressed oops, compressed class ptrs, g1 gc, windows-amd64)
# No core dump will be written. Minidumps are not enabled by default on client versions of Windows
#

---------------  S U M M A R Y ------------

Command Line: -XX:MaxMetaspaceSize=512m -XX:+HeapDumpOnOutOfMemoryError --add-opens=java.base/java.util=ALL-UNNAMED --add-opens=java.base/java.lang=ALL-UNNAMED --add-opens=java.base/java.lang.invoke=ALL-UNNAMED --add-opens=java.prefs/java.util.prefs=ALL-UNNAMED --add-opens=java.base/java.nio.charset=ALL-UNNAMED --add-opens=java.base/java.net=ALL-UNNAMED --add-opens=java.base/java.util.concurrent.atomic=ALL-UNNAMED -Xmx4096m -Dfile.encoding=UTF-8 -Duser.country=US -Duser.language=en -Duser.variant -javaagent:C:\Users\LAPTOP INSIDE\.gradle\wrapper\dists\gradle-8.2-all\6mxqtxovn2faat1idb7p6lxsa\gradle-8.2\lib\agents\gradle-instrumentation-agent-8.2.jar org.gradle.launcher.daemon.bootstrap.GradleDaemon 8.2

Host: AMD Ryzen 5 PRO 3500U w/ Radeon Vega Mobile Gfx, 8 cores, 13G,  Windows 11 , 64 bit Build 26100 (10.0.26100.4768)
Time: Sat Aug 16 06:13:33 2025 Pacific Daylight Time elapsed time: 22.883767 seconds (0d 0h 0m 22s)

---------------  T H R E A D  ---------------

Current thread (0x000001f57b24e7d0):  JavaThread "C2 CompilerThread1" daemon [_thread_in_native, id=2476, stack(0x0000008af6400000,0x0000008af6500000)]


Current CompileTask:
C2:  22884 10609       4       groovyjarjarantlr4.v4.runtime.atn.ParserATNSimulator::closure (784 bytes)

Stack: [0x0000008af6400000,0x0000008af6500000]
Native frames: (J=compiled Java code, j=interpreted, Vv=VM code, C=native code)
V  [jvm.dll+0x67a04a]
V  [jvm.dll+0x7da4ed]
V  [jvm.dll+0x7dbe33]
V  [jvm.dll+0x7dc4a3]
V  [jvm.dll+0x24508f]
V  [jvm.dll+0xab773]
V  [jvm.dll+0xabd3c]
V  [jvm.dll+0x361bee]
V  [jvm.dll+0x1ba64a]
V  [jvm.dll+0x216997]
V  [jvm.dll+0x215c6f]
V  [jvm.dll+0x1a2960]
V  [jvm.dll+0x22610b]
V  [jvm.dll+0x2242ab]
V  [jvm.dll+0x79075c]
V  [jvm.dll+0x78abea]
V  [jvm.dll+0x678f35]
C  [ucrtbase.dll+0x37b0]
C  [KERNEL32.DLL+0x2e8d7]
C  [ntdll.dll+0x3c34c]


---------------  P R O C E S S  ---------------

Threads class SMR info:
_java_thread_list=0x000001f57f510e50, length=79, elements={
0x000001f551267510, 0x000001f57393f000, 0x000001f573941e90, 0x000001f573954ec0,
0x000001f5739554a0, 0x000001f573957990, 0x000001f573958610, 0x000001f5741e0dc0,
0x000001f5741fa7e0, 0x000001f5741fb4a0, 0x000001f57392f270, 0x000001f57446ac90,
0x000001f57a00f1d0, 0x000001f57a0915b0, 0x000001f5799aa730, 0x000001f57a5e00a0,
0x000001f57a1abc00, 0x000001f57a96aeb0, 0x000001f57a969f80, 0x000001f57a96c2f0,
0x000001f57a96b8d0, 0x000001f57a96cd10, 0x000001f57a96c800, 0x000001f57a96a490,
0x000001f57a96d220, 0x000001f57a96a9a0, 0x000001f57a96b3c0, 0x000001f57a969a70,
0x000001f57a92a060, 0x000001f57a92d300, 0x000001f57a92a570, 0x000001f57a92d810,
0x000001f57a92af90, 0x000001f57a92dd20, 0x000001f57a92c3d0, 0x000001f57a92ec50,
0x000001f57a92e740, 0x000001f57a92cdf0, 0x000001f57a92b4a0, 0x000001f57a92f160,
0x000001f57a92c8e0, 0x000001f57a92f670, 0x000001f57a9305a0, 0x000001f57a930ab0,
0x000001f57a9319e0, 0x000001f57ab091f0, 0x000001f57ab082c0, 0x000001f57ab07db0,
0x000001f57ab09700, 0x000001f57ab0a120, 0x000001f57ab09c10, 0x000001f57ab0a630,
0x000001f57ab087d0, 0x000001f57ab08ce0, 0x000001f57ab06e80, 0x000001f57ab0ab40,
0x000001f57ab07390, 0x000001f57ab0b050, 0x000001f57ab078a0, 0x000001f57ab0b560,
0x000001f57ab0ba70, 0x000001f57ab0c9a0, 0x000001f57ab0bf80, 0x000001f57ab0ceb0,
0x000001f57ab0d3c0, 0x000001f57ab0e2f0, 0x000001f57ab0e800, 0x000001f57ab0c490,
0x000001f57904e220, 0x000001f5790514c0, 0x000001f5790523f0, 0x000001f57904f150,
0x000001f579052e10, 0x000001f57904f660, 0x000001f579053d40, 0x000001f579053320,
0x000001f579054250, 0x000001f57b24e7d0, 0x000001f57b2507b0
}

Java Threads: ( => current thread )
  0x000001f551267510 JavaThread "main" [_thread_blocked, id=16364, stack(0x0000008af5100000,0x0000008af5200000)]
  0x000001f57393f000 JavaThread "Reference Handler" daemon [_thread_blocked, id=14280, stack(0x0000008af5800000,0x0000008af5900000)]
  0x000001f573941e90 JavaThread "Finalizer" daemon [_thread_blocked, id=12292, stack(0x0000008af5900000,0x0000008af5a00000)]
  0x000001f573954ec0 JavaThread "Signal Dispatcher" daemon [_thread_blocked, id=20732, stack(0x0000008af5a00000,0x0000008af5b00000)]
  0x000001f5739554a0 JavaThread "Attach Listener" daemon [_thread_blocked, id=7920, stack(0x0000008af5b00000,0x0000008af5c00000)]
  0x000001f573957990 JavaThread "Service Thread" daemon [_thread_blocked, id=12208, stack(0x0000008af5c00000,0x0000008af5d00000)]
  0x000001f573958610 JavaThread "Monitor Deflation Thread" daemon [_thread_blocked, id=13272, stack(0x0000008af5d00000,0x0000008af5e00000)]
  0x000001f5741e0dc0 JavaThread "C2 CompilerThread0" daemon [_thread_in_vm, id=20028, stack(0x0000008af5e00000,0x0000008af5f00000)]
  0x000001f5741fa7e0 JavaThread "C1 CompilerThread0" daemon [_thread_blocked, id=12428, stack(0x0000008af5f00000,0x0000008af6000000)]
  0x000001f5741fb4a0 JavaThread "Sweeper thread" daemon [_thread_blocked, id=17716, stack(0x0000008af6000000,0x0000008af6100000)]
  0x000001f57392f270 JavaThread "Common-Cleaner" daemon [_thread_blocked, id=19824, stack(0x0000008af6100000,0x0000008af6200000)]
  0x000001f57446ac90 JavaThread "Notification Thread" daemon [_thread_blocked, id=16108, stack(0x0000008af6200000,0x0000008af6300000)]
  0x000001f57a00f1d0 JavaThread "Daemon health stats" [_thread_blocked, id=17876, stack(0x0000008af6a00000,0x0000008af6b00000)]
  0x000001f57a0915b0 JavaThread "Incoming local TCP Connector on port 61814" [_thread_in_native, id=7328, stack(0x0000008af6500000,0x0000008af6600000)]
  0x000001f5799aa730 JavaThread "Daemon periodic checks" [_thread_blocked, id=20864, stack(0x0000008af6b00000,0x0000008af6c00000)]
  0x000001f57a5e00a0 JavaThread "Daemon" [_thread_blocked, id=13848, stack(0x0000008af6c00000,0x0000008af6d00000)]
  0x000001f57a1abc00 JavaThread "Handler for socket connection from /127.0.0.1:61814 to /127.0.0.1:61815" [_thread_in_native, id=20188, stack(0x0000008af6d00000,0x0000008af6e00000)]
  0x000001f57a96aeb0 JavaThread "Cancel handler" [_thread_blocked, id=12432, stack(0x0000008af6e00000,0x0000008af6f00000)]
  0x000001f57a969f80 JavaThread "Daemon worker" [_thread_in_Java, id=10596, stack(0x0000008af6f00000,0x0000008af7000000)]
  0x000001f57a96c2f0 JavaThread "Asynchronous log dispatcher for DefaultDaemonConnection: socket connection from /127.0.0.1:61814 to /127.0.0.1:61815" [_thread_blocked, id=17552, stack(0x0000008af7000000,0x0000008af7100000)]
  0x000001f57a96b8d0 JavaThread "Stdin handler" [_thread_blocked, id=20908, stack(0x0000008af7100000,0x0000008af7200000)]
  0x000001f57a96cd10 JavaThread "Daemon client event forwarder" [_thread_blocked, id=7908, stack(0x0000008af7200000,0x0000008af7300000)]
  0x000001f57a96c800 JavaThread "Cache worker for journal cache (C:\Users\LAPTOP INSIDE\.gradle\caches\journal-1)" [_thread_blocked, id=16696, stack(0x0000008af7300000,0x0000008af7400000)]
  0x000001f57a96a490 JavaThread "File lock request listener" [_thread_in_native, id=19936, stack(0x0000008af7400000,0x0000008af7500000)]
  0x000001f57a96d220 JavaThread "Cache worker for file hash cache (C:\Users\LAPTOP INSIDE\.gradle\caches\8.2\fileHashes)" [_thread_blocked, id=16444, stack(0x0000008af7500000,0x0000008af7600000)]
  0x000001f57a96a9a0 JavaThread "File watcher server" daemon [_thread_in_native, id=19812, stack(0x0000008af7600000,0x0000008af7700000)]
  0x000001f57a96b3c0 JavaThread "File watcher consumer" daemon [_thread_blocked, id=9392, stack(0x0000008af7700000,0x0000008af7800000)]
  0x000001f57a969a70 JavaThread "Cache worker for checksums cache (D:\sport_app\sports_app\android\.gradle\8.2\checksums)" [_thread_blocked, id=14700, stack(0x0000008af7800000,0x0000008af7900000)]
  0x000001f57a92a060 JavaThread "Cache worker for cache directory md-rule (C:\Users\LAPTOP INSIDE\.gradle\caches\8.2\md-rule)" [_thread_blocked, id=11764, stack(0x0000008af7900000,0x0000008af7a00000)]
  0x000001f57a92d300 JavaThread "Cache worker for file content cache (C:\Users\LAPTOP INSIDE\.gradle\caches\8.2\fileContent)" [_thread_blocked, id=19480, stack(0x0000008af7a00000,0x0000008af7b00000)]
  0x000001f57a92a570 JavaThread "Cache worker for file hash cache (D:\sport_app\sports_app\android\.gradle\8.2\fileHashes)" [_thread_blocked, id=17500, stack(0x0000008af7f00000,0x0000008af8000000)]
  0x000001f57a92d810 JavaThread "Cache worker for cache directory md-supplier (C:\Users\LAPTOP INSIDE\.gradle\caches\8.2\md-supplier)" [_thread_blocked, id=14460, stack(0x0000008af8000000,0x0000008af8100000)]
  0x000001f57a92af90 JavaThread "Cache worker for execution history cache (C:\Users\LAPTOP INSIDE\.gradle\caches\8.2\executionHistory)" [_thread_blocked, id=16668, stack(0x0000008af8100000,0x0000008af8200000)]
  0x000001f57a92dd20 JavaThread "jar transforms" [_thread_blocked, id=20956, stack(0x0000008af8300000,0x0000008af8400000)]
  0x000001f57a92c3d0 JavaThread "Cache worker for kotlin-dsl (C:\Users\LAPTOP INSIDE\.gradle\caches\8.2\kotlin-dsl)" [_thread_blocked, id=12256, stack(0x0000008af8400000,0x0000008af8500000)]
  0x000001f57a92ec50 JavaThread "jar transforms Thread 2" [_thread_blocked, id=21368, stack(0x0000008af8500000,0x0000008af8600000)]
  0x000001f57a92e740 JavaThread "jar transforms Thread 3" [_thread_blocked, id=4508, stack(0x0000008af8600000,0x0000008af8700000)]
  0x000001f57a92cdf0 JavaThread "Cache worker for dependencies-accessors (D:\sport_app\sports_app\android\.gradle\8.2\dependencies-accessors)" [_thread_blocked, id=14076, stack(0x0000008af8700000,0x0000008af8800000)]
  0x000001f57a92b4a0 JavaThread "Cache worker for Build Output Cleanup Cache (D:\flutter\packages\flutter_tools\gradle\.gradle\buildOutputCleanup)" [_thread_blocked, id=19864, stack(0x0000008af8800000,0x0000008af8900000)]
  0x000001f57a92f160 JavaThread "jar transforms Thread 4" [_thread_blocked, id=19248, stack(0x0000008af8900000,0x0000008af8a00000)]
  0x000001f57a92c8e0 JavaThread "jar transforms Thread 5" [_thread_blocked, id=17708, stack(0x0000008af8a00000,0x0000008af8b00000)]
  0x000001f57a92f670 JavaThread "Memory manager" [_thread_blocked, id=18800, stack(0x0000008af8b00000,0x0000008af8c00000)]
  0x000001f57a9305a0 JavaThread "jar transforms Thread 6" [_thread_blocked, id=7344, stack(0x0000008af8200000,0x0000008af8300000)]
  0x000001f57a930ab0 JavaThread "jar transforms Thread 7" [_thread_blocked, id=3444, stack(0x0000008af8c00000,0x0000008af8d00000)]
  0x000001f57a9319e0 JavaThread "included builds" [_thread_blocked, id=21016, stack(0x0000008af8e00000,0x0000008af8f00000)]
  0x000001f57ab091f0 JavaThread "Execution worker" [_thread_blocked, id=19784, stack(0x0000008af8f00000,0x0000008af9000000)]
  0x000001f57ab082c0 JavaThread "Execution worker Thread 2" [_thread_blocked, id=14104, stack(0x0000008af9000000,0x0000008af9100000)]
  0x000001f57ab07db0 JavaThread "Execution worker Thread 3" [_thread_blocked, id=11080, stack(0x0000008af9100000,0x0000008af9200000)]
  0x000001f57ab09700 JavaThread "Execution worker Thread 4" [_thread_blocked, id=8936, stack(0x0000008af9200000,0x0000008af9300000)]
  0x000001f57ab0a120 JavaThread "Execution worker Thread 5" [_thread_blocked, id=3232, stack(0x0000008af9300000,0x0000008af9400000)]
  0x000001f57ab09c10 JavaThread "Execution worker Thread 6" [_thread_blocked, id=7708, stack(0x0000008af9400000,0x0000008af9500000)]
  0x000001f57ab0a630 JavaThread "Execution worker Thread 7" [_thread_blocked, id=4344, stack(0x0000008af9500000,0x0000008af9600000)]
  0x000001f57ab087d0 JavaThread "Cache worker for execution history cache (D:\flutter\packages\flutter_tools\gradle\.gradle\8.2\executionHistory)" [_thread_blocked, id=17080, stack(0x0000008af9600000,0x0000008af9700000)]
  0x000001f57ab08ce0 JavaThread "Unconstrained build operations" [_thread_blocked, id=3564, stack(0x0000008af9700000,0x0000008af9800000)]
  0x000001f57ab06e80 JavaThread "Unconstrained build operations Thread 2" [_thread_blocked, id=20912, stack(0x0000008af9800000,0x0000008af9900000)]
  0x000001f57ab0ab40 JavaThread "Unconstrained build operations Thread 3" [_thread_blocked, id=19680, stack(0x0000008af9900000,0x0000008af9a00000)]
  0x000001f57ab07390 JavaThread "Unconstrained build operations Thread 4" [_thread_blocked, id=19688, stack(0x0000008af9a00000,0x0000008af9b00000)]
  0x000001f57ab0b050 JavaThread "Unconstrained build operations Thread 5" [_thread_blocked, id=5252, stack(0x0000008af9b00000,0x0000008af9c00000)]
  0x000001f57ab078a0 JavaThread "Unconstrained build operations Thread 6" [_thread_blocked, id=20400, stack(0x0000008af9c00000,0x0000008af9d00000)]
  0x000001f57ab0b560 JavaThread "Unconstrained build operations Thread 7" [_thread_blocked, id=3880, stack(0x0000008af9d00000,0x0000008af9e00000)]
  0x000001f57ab0ba70 JavaThread "Unconstrained build operations Thread 8" [_thread_blocked, id=19444, stack(0x0000008af9e00000,0x0000008af9f00000)]
  0x000001f57ab0c9a0 JavaThread "Unconstrained build operations Thread 9" [_thread_blocked, id=14588, stack(0x0000008af9f00000,0x0000008afa000000)]
  0x000001f57ab0bf80 JavaThread "Unconstrained build operations Thread 10" [_thread_blocked, id=13592, stack(0x0000008afa000000,0x0000008afa100000)]
  0x000001f57ab0ceb0 JavaThread "Unconstrained build operations Thread 11" [_thread_blocked, id=20892, stack(0x0000008afa100000,0x0000008afa200000)]
  0x000001f57ab0d3c0 JavaThread "Unconstrained build operations Thread 12" [_thread_blocked, id=1376, stack(0x0000008afa200000,0x0000008afa300000)]
  0x000001f57ab0e2f0 JavaThread "Unconstrained build operations Thread 13" [_thread_blocked, id=16732, stack(0x0000008afa300000,0x0000008afa400000)]
  0x000001f57ab0e800 JavaThread "Unconstrained build operations Thread 14" [_thread_blocked, id=5280, stack(0x0000008afa400000,0x0000008afa500000)]
  0x000001f57ab0c490 JavaThread "jar transforms Thread 8" [_thread_blocked, id=5188, stack(0x0000008afa500000,0x0000008afa600000)]
  0x000001f57904e220 JavaThread "Cache worker for Build Output Cleanup Cache (D:\sport_app\sports_app\android\.gradle\buildOutputCleanup)" [_thread_blocked, id=19404, stack(0x0000008afa600000,0x0000008afa700000)]
  0x000001f5790514c0 JavaThread "build event listener" [_thread_blocked, id=3428, stack(0x0000008afa700000,0x0000008afa800000)]
  0x000001f5790523f0 JavaThread "Unconstrained build operations Thread 15" [_thread_blocked, id=19172, stack(0x0000008afa800000,0x0000008afa900000)]
  0x000001f57904f150 JavaThread "Unconstrained build operations Thread 16" [_thread_blocked, id=9704, stack(0x0000008afa900000,0x0000008afaa00000)]
  0x000001f579052e10 JavaThread "Unconstrained build operations Thread 17" [_thread_blocked, id=10192, stack(0x0000008afaa00000,0x0000008afab00000)]
  0x000001f57904f660 JavaThread "Unconstrained build operations Thread 18" [_thread_blocked, id=12308, stack(0x0000008afab00000,0x0000008afac00000)]
  0x000001f579053d40 JavaThread "Unconstrained build operations Thread 19" [_thread_blocked, id=19676, stack(0x0000008afac00000,0x0000008afad00000)]
  0x000001f579053320 JavaThread "Unconstrained build operations Thread 20" [_thread_blocked, id=13180, stack(0x0000008afad00000,0x0000008afae00000)]
  0x000001f579054250 JavaThread "Unconstrained build operations Thread 21" [_thread_blocked, id=19080, stack(0x0000008afae00000,0x0000008afaf00000)]
=>0x000001f57b24e7d0 JavaThread "C2 CompilerThread1" daemon [_thread_in_native, id=2476, stack(0x0000008af6400000,0x0000008af6500000)]
  0x000001f57b2507b0 JavaThread "C2 CompilerThread2" daemon [_thread_in_native, id=15508, stack(0x0000008af8d00000,0x0000008af8e00000)]

Other Threads:
  0x000001f57393b310 VMThread "VM Thread" [stack: 0x0000008af5700000,0x0000008af5800000] [id=19580]
  0x000001f574454980 WatcherThread [stack: 0x0000008af6300000,0x0000008af6400000] [id=6020]
  0x000001f5512d5070 GCTaskThread "GC Thread#0" [stack: 0x0000008af5200000,0x0000008af5300000] [id=19744]
  0x000001f574b1fcb0 GCTaskThread "GC Thread#1" [stack: 0x0000008af6600000,0x0000008af6700000] [id=20504]
  0x000001f574b1ff70 GCTaskThread "GC Thread#2" [stack: 0x0000008af6700000,0x0000008af6800000] [id=18752]
  0x000001f574b20230 GCTaskThread "GC Thread#3" [stack: 0x0000008af6800000,0x0000008af6900000] [id=20520]
  0x000001f574612070 GCTaskThread "GC Thread#4" [stack: 0x0000008af6900000,0x0000008af6a00000] [id=21200]
  0x000001f57ad08e80 GCTaskThread "GC Thread#5" [stack: 0x0000008af7b00000,0x0000008af7c00000] [id=21436]
  0x000001f57a8f1990 GCTaskThread "GC Thread#6" [stack: 0x0000008af7c00000,0x0000008af7d00000] [id=4280]
  0x000001f5799e3ba0 GCTaskThread "GC Thread#7" [stack: 0x0000008af7d00000,0x0000008af7e00000] [id=18088]
  0x000001f54f03ec80 ConcurrentGCThread "G1 Main Marker" [stack: 0x0000008af5300000,0x0000008af5400000] [id=12800]
  0x000001f5512e5b80 ConcurrentGCThread "G1 Conc#0" [stack: 0x0000008af5400000,0x0000008af5500000] [id=14820]
  0x000001f5799912f0 ConcurrentGCThread "G1 Conc#1" [stack: 0x0000008af7e00000,0x0000008af7f00000] [id=11040]
  0x000001f5513202d0 ConcurrentGCThread "G1 Refine#0" [stack: 0x0000008af5500000,0x0000008af5600000] [id=19000]
  0x000001f5513226d0 ConcurrentGCThread "G1 Service" [stack: 0x0000008af5600000,0x0000008af5700000] [id=18604]

Threads with active compile tasks:
C2 CompilerThread0    22929 10569       4       java.util.Hashtable$Enumerator::hasMoreElements (53 bytes)
C1 CompilerThread0    22929 10780       2       groovyjarjarasm.asm.MethodWriter::putMethodInfo (1274 bytes)
C2 CompilerThread1    22929 10609       4       groovyjarjarantlr4.v4.runtime.atn.ParserATNSimulator::closure (784 bytes)
C2 CompilerThread2    22930 10608       4       groovyjarjarantlr4.v4.runtime.atn.ParserATNSimulator::getEpsilonTarget (147 bytes)

VM state: not at safepoint (normal execution)

VM Mutex/Monitor currently owned by a thread: None

Heap address: 0x0000000700000000, size: 4096 MB, Compressed Oops mode: Zero based, Oop shift amount: 3

CDS archive(s) mapped at: [0x000001f500000000-0x000001f500bd0000-0x000001f500bd0000), size 12386304, SharedBaseAddress: 0x000001f500000000, ArchiveRelocationMode: 1.
Compressed class space mapped at: 0x000001f501000000-0x000001f51b000000, reserved size: 436207616
Narrow klass base: 0x000001f500000000, Narrow klass shift: 0, Narrow klass range: 0x100000000

GC Precious Log:
 CPUs: 8 total, 8 available
 Memory: 14269M
 Large Page Support: Disabled
 NUMA Support: Disabled
 Compressed Oops: Enabled (Zero based)
 Heap Region Size: 2M
 Heap Min Capacity: 8M
 Heap Initial Capacity: 224M
 Heap Max Capacity: 4G
 Pre-touch: Disabled
 Parallel Workers: 8
 Concurrent Workers: 2
 Concurrent Refinement Workers: 8
 Periodic GC: Disabled

Heap:
 garbage-first heap   total 286720K, used 221615K [0x0000000700000000, 0x0000000800000000)
  region size 2048K, 61 young (124928K), 1 survivors (2048K)
 Metaspace       used 80573K, committed 81408K, reserved 557056K
  class space    used 11269K, committed 11648K, reserved 425984K

Heap Regions: E=young(eden), S=young(survivor), O=old, HS=humongous(starts), HC=humongous(continues), CS=collection set, F=free, OA=open archive, CA=closed archive, TAMS=top-at-mark-start (previous, next)
|   0|0x0000000700000000, 0x0000000700200000, 0x0000000700200000|100%|HS|  |TAMS 0x0000000700200000, 0x0000000700000000| Complete 
|   1|0x0000000700200000, 0x0000000700400000, 0x0000000700400000|100%|HC|  |TAMS 0x0000000700400000, 0x0000000700200000| Complete 
|   2|0x0000000700400000, 0x0000000700600000, 0x0000000700600000|100%| O|  |TAMS 0x0000000700600000, 0x0000000700400000| Untracked 
|   3|0x0000000700600000, 0x0000000700800000, 0x0000000700800000|100%| O|  |TAMS 0x0000000700800000, 0x0000000700600000| Untracked 
|   4|0x0000000700800000, 0x00000007009e6600, 0x0000000700a00000| 94%| O|  |TAMS 0x00000007009e6600, 0x0000000700800000| Untracked 
|   5|0x0000000700a00000, 0x0000000700c00000, 0x0000000700c00000|100%| O|  |TAMS 0x0000000700c00000, 0x0000000700a00000| Untracked 
|   6|0x0000000700c00000, 0x0000000700e00000, 0x0000000700e00000|100%| O|  |TAMS 0x0000000700e00000, 0x0000000700c00000| Untracked 
|   7|0x0000000700e00000, 0x0000000701000000, 0x0000000701000000|100%| O|  |TAMS 0x0000000701000000, 0x0000000700e00000| Untracked 
|   8|0x0000000701000000, 0x0000000701200000, 0x0000000701200000|100%| O|  |TAMS 0x0000000701200000, 0x0000000701000000| Untracked 
|   9|0x0000000701200000, 0x0000000701400000, 0x0000000701400000|100%| O|  |TAMS 0x0000000701400000, 0x0000000701200000| Untracked 
|  10|0x0000000701400000, 0x0000000701600000, 0x0000000701600000|100%| O|  |TAMS 0x0000000701600000, 0x0000000701400000| Untracked 
|  11|0x0000000701600000, 0x0000000701800000, 0x0000000701800000|100%| O|  |TAMS 0x0000000701800000, 0x0000000701600000| Untracked 
|  12|0x0000000701800000, 0x0000000701a00000, 0x0000000701a00000|100%| O|  |TAMS 0x0000000701a00000, 0x0000000701800000| Untracked 
|  13|0x0000000701a00000, 0x0000000701c00000, 0x0000000701c00000|100%| O|  |TAMS 0x0000000701c00000, 0x0000000701a00000| Untracked 
|  14|0x0000000701c00000, 0x0000000701e00000, 0x0000000701e00000|100%| O|  |TAMS 0x0000000701e00000, 0x0000000701c00000| Untracked 
|  15|0x0000000701e00000, 0x0000000702000000, 0x0000000702000000|100%| O|  |TAMS 0x0000000702000000, 0x0000000701e00000| Untracked 
|  16|0x0000000702000000, 0x0000000702200000, 0x0000000702200000|100%| O|  |TAMS 0x0000000702200000, 0x0000000702000000| Untracked 
|  17|0x0000000702200000, 0x0000000702400000, 0x0000000702400000|100%| O|  |TAMS 0x0000000702400000, 0x0000000702200000| Untracked 
|  18|0x0000000702400000, 0x0000000702600000, 0x0000000702600000|100%| O|  |TAMS 0x0000000702600000, 0x0000000702400000| Untracked 
|  19|0x0000000702600000, 0x0000000702800000, 0x0000000702800000|100%| O|  |TAMS 0x0000000702800000, 0x0000000702600000| Untracked 
|  20|0x0000000702800000, 0x0000000702a00000, 0x0000000702a00000|100%| O|  |TAMS 0x0000000702a00000, 0x0000000702800000| Untracked 
|  21|0x0000000702a00000, 0x0000000702c00000, 0x0000000702c00000|100%| O|  |TAMS 0x0000000702c00000, 0x0000000702a00000| Untracked 
|  22|0x0000000702c00000, 0x0000000702e00000, 0x0000000702e00000|100%| O|  |TAMS 0x0000000702e00000, 0x0000000702c00000| Untracked 
|  23|0x0000000702e00000, 0x0000000703000000, 0x0000000703000000|100%| O|  |TAMS 0x0000000702e00000, 0x0000000702e00000| Untracked 
|  24|0x0000000703000000, 0x0000000703200000, 0x0000000703200000|100%|HS|  |TAMS 0x0000000703200000, 0x0000000703000000| Complete 
|  25|0x0000000703200000, 0x0000000703400000, 0x0000000703400000|100%|HS|  |TAMS 0x0000000703400000, 0x0000000703200000| Complete 
|  26|0x0000000703400000, 0x0000000703600000, 0x0000000703600000|100%| O|  |TAMS 0x0000000703600000, 0x0000000703400000| Untracked 
|  27|0x0000000703600000, 0x0000000703800000, 0x0000000703800000|100%|HS|  |TAMS 0x0000000703800000, 0x0000000703600000| Complete 
|  28|0x0000000703800000, 0x0000000703a00000, 0x0000000703a00000|100%|HC|  |TAMS 0x0000000703a00000, 0x0000000703800000| Complete 
|  29|0x0000000703a00000, 0x0000000703c00000, 0x0000000703c00000|100%| O|  |TAMS 0x0000000703c00000, 0x0000000703a00000| Untracked 
|  30|0x0000000703c00000, 0x0000000703e00000, 0x0000000703e00000|100%| O|  |TAMS 0x0000000703e00000, 0x0000000703c00000| Untracked 
|  31|0x0000000703e00000, 0x0000000704000000, 0x0000000704000000|100%| O|  |TAMS 0x0000000704000000, 0x0000000703e00000| Untracked 
|  32|0x0000000704000000, 0x0000000704200000, 0x0000000704200000|100%| O|  |TAMS 0x0000000704200000, 0x0000000704000000| Untracked 
|  33|0x0000000704200000, 0x0000000704400000, 0x0000000704400000|100%| O|  |TAMS 0x0000000704400000, 0x0000000704200000| Untracked 
|  34|0x0000000704400000, 0x0000000704600000, 0x0000000704600000|100%| O|  |TAMS 0x0000000704600000, 0x0000000704400000| Untracked 
|  35|0x0000000704600000, 0x0000000704800000, 0x0000000704800000|100%| O|  |TAMS 0x0000000704800000, 0x0000000704600000| Untracked 
|  36|0x0000000704800000, 0x0000000704a00000, 0x0000000704a00000|100%|HS|  |TAMS 0x0000000704800000, 0x0000000704800000| Complete 
|  37|0x0000000704a00000, 0x0000000704c00000, 0x0000000704c00000|100%| O|  |TAMS 0x0000000704c00000, 0x0000000704a00000| Untracked 
|  38|0x0000000704c00000, 0x0000000704e00000, 0x0000000704e00000|100%| O|  |TAMS 0x0000000704e00000, 0x0000000704c00000| Untracked 
|  39|0x0000000704e00000, 0x0000000705000000, 0x0000000705000000|100%| O|  |TAMS 0x0000000705000000, 0x0000000704e00000| Untracked 
|  40|0x0000000705000000, 0x0000000705200000, 0x0000000705200000|100%| O|  |TAMS 0x00000007051ef400, 0x0000000705000000| Untracked 
|  41|0x0000000705200000, 0x0000000705400000, 0x0000000705400000|100%|HS|  |TAMS 0x0000000705200000, 0x0000000705200000| Complete 
|  42|0x0000000705400000, 0x0000000705600000, 0x0000000705600000|100%|HC|  |TAMS 0x0000000705400000, 0x0000000705400000| Complete 
|  43|0x0000000705600000, 0x0000000705800000, 0x0000000705800000|100%| O|  |TAMS 0x0000000705600000, 0x0000000705600000| Untracked 
|  44|0x0000000705800000, 0x0000000705a00000, 0x0000000705a00000|100%| O|  |TAMS 0x0000000705800000, 0x0000000705800000| Untracked 
|  45|0x0000000705a00000, 0x0000000705c00000, 0x0000000705c00000|100%| O|  |TAMS 0x0000000705a00000, 0x0000000705a00000| Untracked 
|  46|0x0000000705c00000, 0x0000000705d6dc00, 0x0000000705e00000| 71%| O|  |TAMS 0x0000000705c00000, 0x0000000705c00000| Untracked 
|  47|0x0000000705e00000, 0x0000000706000000, 0x0000000706000000|100%|HS|  |TAMS 0x0000000705e00000, 0x0000000705e00000| Complete 
|  48|0x0000000706000000, 0x0000000706200000, 0x0000000706200000|100%|HC|  |TAMS 0x0000000706000000, 0x0000000706000000| Complete 
|  49|0x0000000706200000, 0x0000000706200000, 0x0000000706400000|  0%| F|  |TAMS 0x0000000706200000, 0x0000000706200000| Untracked 
|  50|0x0000000706400000, 0x0000000706400000, 0x0000000706600000|  0%| F|  |TAMS 0x0000000706400000, 0x0000000706400000| Untracked 
|  51|0x0000000706600000, 0x0000000706600000, 0x0000000706800000|  0%| F|  |TAMS 0x0000000706600000, 0x0000000706600000| Untracked 
|  52|0x0000000706800000, 0x0000000706800000, 0x0000000706a00000|  0%| F|  |TAMS 0x0000000706800000, 0x0000000706800000| Untracked 
|  53|0x0000000706a00000, 0x0000000706a00000, 0x0000000706c00000|  0%| F|  |TAMS 0x0000000706a00000, 0x0000000706a00000| Untracked 
|  54|0x0000000706c00000, 0x0000000706c00000, 0x0000000706e00000|  0%| F|  |TAMS 0x0000000706c00000, 0x0000000706c00000| Untracked 
|  55|0x0000000706e00000, 0x0000000706e00000, 0x0000000707000000|  0%| F|  |TAMS 0x0000000706e00000, 0x0000000706e00000| Untracked 
|  56|0x0000000707000000, 0x0000000707000000, 0x0000000707200000|  0%| F|  |TAMS 0x0000000707000000, 0x0000000707000000| Untracked 
|  57|0x0000000707200000, 0x0000000707200000, 0x0000000707400000|  0%| F|  |TAMS 0x0000000707200000, 0x0000000707200000| Untracked 
|  58|0x0000000707400000, 0x0000000707400000, 0x0000000707600000|  0%| F|  |TAMS 0x0000000707400000, 0x0000000707400000| Untracked 
|  59|0x0000000707600000, 0x0000000707600000, 0x0000000707800000|  0%| F|  |TAMS 0x0000000707600000, 0x0000000707600000| Untracked 
|  60|0x0000000707800000, 0x0000000707800000, 0x0000000707a00000|  0%| F|  |TAMS 0x0000000707800000, 0x0000000707800000| Untracked 
|  61|0x0000000707a00000, 0x0000000707a00000, 0x0000000707c00000|  0%| F|  |TAMS 0x0000000707a00000, 0x0000000707a00000| Untracked 
|  62|0x0000000707c00000, 0x0000000707c00000, 0x0000000707e00000|  0%| F|  |TAMS 0x0000000707c00000, 0x0000000707c00000| Untracked 
|  63|0x0000000707e00000, 0x0000000707e00000, 0x0000000708000000|  0%| F|  |TAMS 0x0000000707e00000, 0x0000000707e00000| Untracked 
|  64|0x0000000708000000, 0x0000000708000000, 0x0000000708200000|  0%| F|  |TAMS 0x0000000708000000, 0x0000000708000000| Untracked 
|  65|0x0000000708200000, 0x0000000708200000, 0x0000000708400000|  0%| F|  |TAMS 0x0000000708200000, 0x0000000708200000| Untracked 
|  66|0x0000000708400000, 0x0000000708400000, 0x0000000708600000|  0%| F|  |TAMS 0x0000000708400000, 0x0000000708400000| Untracked 
|  67|0x0000000708600000, 0x0000000708600000, 0x0000000708800000|  0%| F|  |TAMS 0x0000000708600000, 0x0000000708600000| Untracked 
|  68|0x0000000708800000, 0x0000000708800000, 0x0000000708a00000|  0%| F|  |TAMS 0x0000000708800000, 0x0000000708800000| Untracked 
|  69|0x0000000708a00000, 0x0000000708a00000, 0x0000000708c00000|  0%| F|  |TAMS 0x0000000708a00000, 0x0000000708a00000| Untracked 
|  70|0x0000000708c00000, 0x0000000708c00000, 0x0000000708e00000|  0%| F|  |TAMS 0x0000000708c00000, 0x0000000708c00000| Untracked 
|  71|0x0000000708e00000, 0x0000000708e00000, 0x0000000709000000|  0%| F|  |TAMS 0x0000000708e00000, 0x0000000708e00000| Untracked 
|  72|0x0000000709000000, 0x0000000709000000, 0x0000000709200000|  0%| F|  |TAMS 0x0000000709000000, 0x0000000709000000| Untracked 
|  73|0x0000000709200000, 0x0000000709200000, 0x0000000709400000|  0%| F|  |TAMS 0x0000000709200000, 0x0000000709200000| Untracked 
|  74|0x0000000709400000, 0x0000000709400000, 0x0000000709600000|  0%| F|  |TAMS 0x0000000709400000, 0x0000000709400000| Untracked 
|  75|0x0000000709600000, 0x0000000709600000, 0x0000000709800000|  0%| F|  |TAMS 0x0000000709600000, 0x0000000709600000| Untracked 
|  76|0x0000000709800000, 0x0000000709800000, 0x0000000709a00000|  0%| F|  |TAMS 0x0000000709800000, 0x0000000709800000| Untracked 
|  77|0x0000000709a00000, 0x0000000709a00000, 0x0000000709c00000|  0%| F|  |TAMS 0x0000000709a00000, 0x0000000709a00000| Untracked 
|  78|0x0000000709c00000, 0x0000000709e00000, 0x0000000709e00000|100%| E|  |TAMS 0x0000000709c00000, 0x0000000709c00000| Complete 
|  79|0x0000000709e00000, 0x000000070a000000, 0x000000070a000000|100%| E|CS|TAMS 0x0000000709e00000, 0x0000000709e00000| Complete 
|  80|0x000000070a000000, 0x000000070a200000, 0x000000070a200000|100%| E|CS|TAMS 0x000000070a000000, 0x000000070a000000| Complete 
|  81|0x000000070a200000, 0x000000070a400000, 0x000000070a400000|100%| E|CS|TAMS 0x000000070a200000, 0x000000070a200000| Complete 
|  82|0x000000070a400000, 0x000000070a600000, 0x000000070a600000|100%| E|CS|TAMS 0x000000070a400000, 0x000000070a400000| Complete 
|  83|0x000000070a600000, 0x000000070a800000, 0x000000070a800000|100%| E|CS|TAMS 0x000000070a600000, 0x000000070a600000| Complete 
|  84|0x000000070a800000, 0x000000070aa00000, 0x000000070aa00000|100%| E|CS|TAMS 0x000000070a800000, 0x000000070a800000| Complete 
|  85|0x000000070aa00000, 0x000000070ac00000, 0x000000070ac00000|100%| E|CS|TAMS 0x000000070aa00000, 0x000000070aa00000| Complete 
|  86|0x000000070ac00000, 0x000000070ae00000, 0x000000070ae00000|100%| E|CS|TAMS 0x000000070ac00000, 0x000000070ac00000| Complete 
|  87|0x000000070ae00000, 0x000000070b000000, 0x000000070b000000|100%| E|CS|TAMS 0x000000070ae00000, 0x000000070ae00000| Complete 
|  88|0x000000070b000000, 0x000000070b200000, 0x000000070b200000|100%| E|CS|TAMS 0x000000070b000000, 0x000000070b000000| Complete 
|  89|0x000000070b200000, 0x000000070b400000, 0x000000070b400000|100%| E|CS|TAMS 0x000000070b200000, 0x000000070b200000| Complete 
|  90|0x000000070b400000, 0x000000070b600000, 0x000000070b600000|100%| E|CS|TAMS 0x000000070b400000, 0x000000070b400000| Complete 
|  91|0x000000070b600000, 0x000000070b800000, 0x000000070b800000|100%| E|CS|TAMS 0x000000070b600000, 0x000000070b600000| Complete 
|  92|0x000000070b800000, 0x000000070ba00000, 0x000000070ba00000|100%| E|CS|TAMS 0x000000070b800000, 0x000000070b800000| Complete 
|  93|0x000000070ba00000, 0x000000070bc00000, 0x000000070bc00000|100%| E|CS|TAMS 0x000000070ba00000, 0x000000070ba00000| Complete 
|  94|0x000000070bc00000, 0x000000070be00000, 0x000000070be00000|100%| E|CS|TAMS 0x000000070bc00000, 0x000000070bc00000| Complete 
|  95|0x000000070be00000, 0x000000070c000000, 0x000000070c000000|100%| E|CS|TAMS 0x000000070be00000, 0x000000070be00000| Complete 
|  96|0x000000070c000000, 0x000000070c200000, 0x000000070c200000|100%| E|CS|TAMS 0x000000070c000000, 0x000000070c000000| Complete 
|  97|0x000000070c200000, 0x000000070c400000, 0x000000070c400000|100%| E|CS|TAMS 0x000000070c200000, 0x000000070c200000| Complete 
|  98|0x000000070c400000, 0x000000070c600000, 0x000000070c600000|100%| E|CS|TAMS 0x000000070c400000, 0x000000070c400000| Complete 
|  99|0x000000070c600000, 0x000000070c800000, 0x000000070c800000|100%| E|CS|TAMS 0x000000070c600000, 0x000000070c600000| Complete 
| 100|0x000000070c800000, 0x000000070ca00000, 0x000000070ca00000|100%| E|CS|TAMS 0x000000070c800000, 0x000000070c800000| Complete 
| 101|0x000000070ca00000, 0x000000070cc00000, 0x000000070cc00000|100%| E|CS|TAMS 0x000000070ca00000, 0x000000070ca00000| Complete 
| 102|0x000000070cc00000, 0x000000070ce00000, 0x000000070ce00000|100%| E|CS|TAMS 0x000000070cc00000, 0x000000070cc00000| Complete 
| 103|0x000000070ce00000, 0x000000070d000000, 0x000000070d000000|100%| E|CS|TAMS 0x000000070ce00000, 0x000000070ce00000| Complete 
| 104|0x000000070d000000, 0x000000070d200000, 0x000000070d200000|100%| E|CS|TAMS 0x000000070d000000, 0x000000070d000000| Complete 
| 105|0x000000070d200000, 0x000000070d400000, 0x000000070d400000|100%| E|CS|TAMS 0x000000070d200000, 0x000000070d200000| Complete 
| 106|0x000000070d400000, 0x000000070d600000, 0x000000070d600000|100%| E|CS|TAMS 0x000000070d400000, 0x000000070d400000| Complete 
| 107|0x000000070d600000, 0x000000070d800000, 0x000000070d800000|100%| E|CS|TAMS 0x000000070d600000, 0x000000070d600000| Complete 
| 108|0x000000070d800000, 0x000000070da00000, 0x000000070da00000|100%| E|CS|TAMS 0x000000070d800000, 0x000000070d800000| Complete 
| 109|0x000000070da00000, 0x000000070dc00000, 0x000000070dc00000|100%| E|CS|TAMS 0x000000070da00000, 0x000000070da00000| Complete 
| 110|0x000000070dc00000, 0x000000070de00000, 0x000000070de00000|100%| E|CS|TAMS 0x000000070dc00000, 0x000000070dc00000| Complete 
| 111|0x000000070de00000, 0x000000070e000000, 0x000000070e000000|100%| E|CS|TAMS 0x000000070de00000, 0x000000070de00000| Complete 
| 112|0x000000070e000000, 0x000000070e200000, 0x000000070e200000|100%| E|CS|TAMS 0x000000070e000000, 0x000000070e000000| Complete 
| 113|0x000000070e200000, 0x000000070e400000, 0x000000070e400000|100%| E|CS|TAMS 0x000000070e200000, 0x000000070e200000| Complete 
| 114|0x000000070e400000, 0x000000070e600000, 0x000000070e600000|100%| E|CS|TAMS 0x000000070e400000, 0x000000070e400000| Complete 
| 115|0x000000070e600000, 0x000000070e800000, 0x000000070e800000|100%| E|CS|TAMS 0x000000070e600000, 0x000000070e600000| Complete 
| 116|0x000000070e800000, 0x000000070ea00000, 0x000000070ea00000|100%| E|CS|TAMS 0x000000070e800000, 0x000000070e800000| Complete 
| 117|0x000000070ea00000, 0x000000070ec00000, 0x000000070ec00000|100%| E|CS|TAMS 0x000000070ea00000, 0x000000070ea00000| Complete 
| 118|0x000000070ec00000, 0x000000070ee00000, 0x000000070ee00000|100%| E|CS|TAMS 0x000000070ec00000, 0x000000070ec00000| Complete 
| 119|0x000000070ee00000, 0x000000070f000000, 0x000000070f000000|100%| E|CS|TAMS 0x000000070ee00000, 0x000000070ee00000| Complete 
| 120|0x000000070f000000, 0x000000070f200000, 0x000000070f200000|100%| E|CS|TAMS 0x000000070f000000, 0x000000070f000000| Complete 
| 121|0x000000070f200000, 0x000000070f400000, 0x000000070f400000|100%| E|CS|TAMS 0x000000070f200000, 0x000000070f200000| Complete 
| 122|0x000000070f400000, 0x000000070f600000, 0x000000070f600000|100%| E|CS|TAMS 0x000000070f400000, 0x000000070f400000| Complete 
| 123|0x000000070f600000, 0x000000070f800000, 0x000000070f800000|100%| E|CS|TAMS 0x000000070f600000, 0x000000070f600000| Complete 
| 124|0x000000070f800000, 0x000000070fa00000, 0x000000070fa00000|100%| E|CS|TAMS 0x000000070f800000, 0x000000070f800000| Complete 
| 125|0x000000070fa00000, 0x000000070fc00000, 0x000000070fc00000|100%| E|CS|TAMS 0x000000070fa00000, 0x000000070fa00000| Complete 
| 126|0x000000070fc00000, 0x000000070fe00000, 0x000000070fe00000|100%| E|CS|TAMS 0x000000070fc00000, 0x000000070fc00000| Complete 
| 127|0x000000070fe00000, 0x0000000710000000, 0x0000000710000000|100%| E|  |TAMS 0x000000070fe00000, 0x000000070fe00000| Complete 
| 128|0x0000000710000000, 0x0000000710200000, 0x0000000710200000|100%| E|CS|TAMS 0x0000000710000000, 0x0000000710000000| Complete 
| 129|0x0000000710200000, 0x0000000710400000, 0x0000000710400000|100%| E|CS|TAMS 0x0000000710200000, 0x0000000710200000| Complete 
| 130|0x0000000710400000, 0x0000000710600000, 0x0000000710600000|100%| E|CS|TAMS 0x0000000710400000, 0x0000000710400000| Complete 
| 131|0x0000000710600000, 0x0000000710800000, 0x0000000710800000|100%| E|CS|TAMS 0x0000000710600000, 0x0000000710600000| Complete 
| 132|0x0000000710800000, 0x0000000710a00000, 0x0000000710a00000|100%| E|CS|TAMS 0x0000000710800000, 0x0000000710800000| Complete 
| 133|0x0000000710a00000, 0x0000000710c00000, 0x0000000710c00000|100%| E|CS|TAMS 0x0000000710a00000, 0x0000000710a00000| Complete 
| 134|0x0000000710c00000, 0x0000000710e00000, 0x0000000710e00000|100%| E|CS|TAMS 0x0000000710c00000, 0x0000000710c00000| Complete 
| 135|0x0000000710e00000, 0x0000000711000000, 0x0000000711000000|100%| E|CS|TAMS 0x0000000710e00000, 0x0000000710e00000| Complete 
| 136|0x0000000711000000, 0x0000000711117b68, 0x0000000711200000| 54%| S|CS|TAMS 0x0000000711000000, 0x0000000711000000| Complete 
| 137|0x0000000711200000, 0x0000000711400000, 0x0000000711400000|100%| E|CS|TAMS 0x0000000711200000, 0x0000000711200000| Complete 
| 138|0x0000000711400000, 0x0000000711600000, 0x0000000711600000|100%| E|CS|TAMS 0x0000000711400000, 0x0000000711400000| Complete 
|2047|0x00000007ffe00000, 0x0000000800000000, 0x0000000800000000|100%| O|  |TAMS 0x0000000800000000, 0x00000007ffe00000| Untracked 

Card table byte_map: [0x000001f568650000,0x000001f568e50000] _byte_map_base: 0x000001f564e50000

Marking Bits (Prev, Next): (CMBitMap*) 0x000001f5512d75c0, (CMBitMap*) 0x000001f5512d7600
 Prev Bits: [0x000001f569650000, 0x000001f56d650000)
 Next Bits: [0x000001f56d650000, 0x000001f571650000)

Polling page: 0x000001f54f600000

Metaspace:

Usage:
  Non-class:     67.68 MB used.
      Class:     11.01 MB used.
       Both:     78.69 MB used.

Virtual space:
  Non-class space:      128.00 MB reserved,      68.12 MB ( 53%) committed,  2 nodes.
      Class space:      416.00 MB reserved,      11.38 MB (  3%) committed,  1 nodes.
             Both:      544.00 MB reserved,      79.50 MB ( 15%) committed. 

Chunk freelists:
   Non-Class:  11.28 MB
       Class:  4.63 MB
        Both:  15.91 MB

MaxMetaspaceSize: 512.00 MB
CompressedClassSpaceSize: 416.00 MB
Initial GC threshold: 21.00 MB
Current GC threshold: 119.06 MB
CDS: on
MetaspaceReclaimPolicy: balanced
 - commit_granule_bytes: 65536.
 - commit_granule_words: 8192.
 - virtual_space_node_default_size: 8388608.
 - enlarge_chunks_in_place: 1.
 - new_chunks_are_fully_committed: 0.
 - uncommit_free_chunks: 1.
 - use_allocation_guard: 0.
 - handle_deallocations: 1.


Internal statistics:

num_allocs_failed_limit: 6.
num_arena_births: 1030.
num_arena_deaths: 2.
num_vsnodes_births: 3.
num_vsnodes_deaths: 0.
num_space_committed: 1272.
num_space_uncommitted: 0.
num_chunks_returned_to_freelist: 9.
num_chunks_taken_from_freelist: 4340.
num_chunk_merges: 6.
num_chunk_splits: 2877.
num_chunks_enlarged: 1948.
num_inconsistent_stats: 0.

CodeHeap 'non-profiled nmethods': size=120000Kb used=5995Kb max_used=5995Kb free=114004Kb
 bounds [0x000001f5605f0000, 0x000001f560bd0000, 0x000001f567b20000]
CodeHeap 'profiled nmethods': size=120000Kb used=18638Kb max_used=18638Kb free=101361Kb
 bounds [0x000001f558b20000, 0x000001f559d60000, 0x000001f560050000]
CodeHeap 'non-nmethods': size=5760Kb used=2396Kb max_used=2443Kb free=3363Kb
 bounds [0x000001f560050000, 0x000001f5602c0000, 0x000001f5605f0000]
 total_blobs=10294 nmethods=9370 adapters=836
 compilation: enabled
              stopped_count=0, restarted_count=0
 full_count=0

Compilation events (20 events):
Event: 21.866 Thread 0x000001f5741fa7e0 10724       2       org.codehaus.groovy.ast.ClassNode$MapOfLists$$Lambda$1480/0x000001f5018ec1c0::apply (12 bytes)
Event: 21.866 Thread 0x000001f5741fa7e0 nmethod 10724 0x000001f559d37b90 code [0x000001f559d37d40, 0x000001f559d37f28]
Event: 21.866 Thread 0x000001f5741fa7e0 10727       1       org.codehaus.groovy.ast.stmt.Statement::getStatementLabels (5 bytes)
Event: 21.866 Thread 0x000001f5741fa7e0 nmethod 10727 0x000001f560bbff90 code [0x000001f560bc0120, 0x000001f560bc01f8]
Event: 21.866 Thread 0x000001f5741fa7e0 10728       1       org.codehaus.groovy.classgen.asm.WriterController::getMethodVisitor (5 bytes)
Event: 21.866 Thread 0x000001f5741fa7e0 nmethod 10728 0x000001f560bc0290 code [0x000001f560bc0420, 0x000001f560bc04f8]
Event: 21.867 Thread 0x000001f5741fa7e0 10729       2       org.codehaus.groovy.ast.ASTNode::setSourcePosition (33 bytes)
Event: 21.867 Thread 0x000001f5741fa7e0 nmethod 10729 0x000001f559d38010 code [0x000001f559d381e0, 0x000001f559d383b8]
Event: 21.868 Thread 0x000001f5741fa7e0 10730       1       org.codehaus.groovy.classgen.asm.WriterController::getCompileStack (5 bytes)
Event: 21.868 Thread 0x000001f5741fa7e0 nmethod 10730 0x000001f560bc0590 code [0x000001f560bc0720, 0x000001f560bc07f8]
Event: 21.869 Thread 0x000001f5741fa7e0 10731       1       org.codehaus.groovy.classgen.asm.WriterController::getOperandStack (5 bytes)
Event: 21.870 Thread 0x000001f5741fa7e0 nmethod 10731 0x000001f560bc0890 code [0x000001f560bc0a20, 0x000001f560bc0af8]
Event: 21.870 Thread 0x000001f5741fa7e0 10732       1       java.util.Collections$EmptyMap::size (2 bytes)
Event: 21.870 Thread 0x000001f5741fa7e0 nmethod 10732 0x000001f560bc0b90 code [0x000001f560bc0d20, 0x000001f560bc0df8]
Event: 21.871 Thread 0x000001f5741fa7e0 10733       1       org.codehaus.groovy.classgen.asm.MopWriter$MopKey::hashCode (5 bytes)
Event: 21.872 Thread 0x000001f5741fa7e0 nmethod 10733 0x000001f560bc0e90 code [0x000001f560bc1020, 0x000001f560bc10f8]
Event: 22.314 Thread 0x000001f5741fa7e0 10734       2       org.gradle.internal.serialize.InputStreamBackedDecoder::readInt (8 bytes)
Event: 22.881 Thread 0x000001f5741fa7e0 nmethod 10734 0x000001f559d38490 code [0x000001f559d38620, 0x000001f559d38748]
Event: 22.881 Thread 0x000001f5741fa7e0 10735       2       javax.management.ObjectName::isPropertyListPattern (17 bytes)
Event: 22.881 Thread 0x000001f5741fa7e0 nmethod 10735 0x000001f559d38810 code [0x000001f559d389a0, 0x000001f559d38ab8]

GC Heap History (20 events):
Event: 14.342 GC heap before
{Heap before GC invocations=29 (full 0):
 garbage-first heap   total 135168K, used 98611K [0x0000000700000000, 0x0000000800000000)
  region size 2048K, 15 young (30720K), 1 survivors (2048K)
 Metaspace       used 62313K, committed 62976K, reserved 491520K
  class space    used 8869K, committed 9216K, reserved 425984K
}
Event: 14.346 GC heap after
{Heap after GC invocations=30 (full 0):
 garbage-first heap   total 135168K, used 73529K [0x0000000700000000, 0x0000000800000000)
  region size 2048K, 2 young (4096K), 2 survivors (4096K)
 Metaspace       used 62313K, committed 62976K, reserved 491520K
  class space    used 8869K, committed 9216K, reserved 425984K
}
Event: 14.367 GC heap before
{Heap before GC invocations=30 (full 0):
 garbage-first heap   total 135168K, used 75577K [0x0000000700000000, 0x0000000800000000)
  region size 2048K, 3 young (6144K), 2 survivors (4096K)
 Metaspace       used 62384K, committed 63040K, reserved 491520K
  class space    used 8878K, committed 9216K, reserved 425984K
}
Event: 14.373 GC heap after
{Heap after GC invocations=31 (full 0):
 garbage-first heap   total 135168K, used 74397K [0x0000000700000000, 0x0000000800000000)
  region size 2048K, 1 young (2048K), 1 survivors (2048K)
 Metaspace       used 62384K, committed 63040K, reserved 491520K
  class space    used 8878K, committed 9216K, reserved 425984K
}
Event: 14.696 GC heap before
{Heap before GC invocations=31 (full 0):
 garbage-first heap   total 135168K, used 101021K [0x0000000700000000, 0x0000000800000000)
  region size 2048K, 14 young (28672K), 1 survivors (2048K)
 Metaspace       used 64285K, committed 64960K, reserved 491520K
  class space    used 9133K, committed 9472K, reserved 425984K
}
Event: 14.698 GC heap after
{Heap after GC invocations=32 (full 0):
 garbage-first heap   total 135168K, used 75911K [0x0000000700000000, 0x0000000800000000)
  region size 2048K, 2 young (4096K), 2 survivors (4096K)
 Metaspace       used 64285K, committed 64960K, reserved 491520K
  class space    used 9133K, committed 9472K, reserved 425984K
}
Event: 15.158 GC heap before
{Heap before GC invocations=33 (full 0):
 garbage-first heap   total 137216K, used 102535K [0x0000000700000000, 0x0000000800000000)
  region size 2048K, 15 young (30720K), 2 survivors (4096K)
 Metaspace       used 66688K, committed 67392K, reserved 491520K
  class space    used 9394K, committed 9728K, reserved 425984K
}
Event: 15.161 GC heap after
{Heap after GC invocations=34 (full 0):
 garbage-first heap   total 137216K, used 76798K [0x0000000700000000, 0x0000000800000000)
  region size 2048K, 2 young (4096K), 2 survivors (4096K)
 Metaspace       used 66688K, committed 67392K, reserved 491520K
  class space    used 9394K, committed 9728K, reserved 425984K
}
Event: 15.876 GC heap before
{Heap before GC invocations=34 (full 0):
 garbage-first heap   total 137216K, used 103422K [0x0000000700000000, 0x0000000800000000)
  region size 2048K, 16 young (32768K), 2 survivors (4096K)
 Metaspace       used 68668K, committed 69312K, reserved 491520K
  class space    used 9617K, committed 9920K, reserved 425984K
}
Event: 15.880 GC heap after
{Heap after GC invocations=35 (full 0):
 garbage-first heap   total 137216K, used 83750K [0x0000000700000000, 0x0000000800000000)
  region size 2048K, 2 young (4096K), 2 survivors (4096K)
 Metaspace       used 68668K, committed 69312K, reserved 491520K
  class space    used 9617K, committed 9920K, reserved 425984K
}
Event: 16.663 GC heap before
{Heap before GC invocations=36 (full 0):
 garbage-first heap   total 143360K, used 106278K [0x0000000700000000, 0x0000000800000000)
  region size 2048K, 14 young (28672K), 2 survivors (4096K)
 Metaspace       used 70187K, committed 70912K, reserved 491520K
  class space    used 9832K, committed 10176K, reserved 425984K
}
Event: 16.667 GC heap after
{Heap after GC invocations=37 (full 0):
 garbage-first heap   total 143360K, used 84346K [0x0000000700000000, 0x0000000800000000)
  region size 2048K, 2 young (4096K), 2 survivors (4096K)
 Metaspace       used 70187K, committed 70912K, reserved 491520K
  class space    used 9832K, committed 10176K, reserved 425984K
}
Event: 16.717 GC heap before
{Heap before GC invocations=37 (full 0):
 garbage-first heap   total 143360K, used 86394K [0x0000000700000000, 0x0000000800000000)
  region size 2048K, 3 young (6144K), 2 survivors (4096K)
 Metaspace       used 70330K, committed 71040K, reserved 491520K
  class space    used 9847K, committed 10176K, reserved 425984K
}
Event: 16.721 GC heap after
{Heap after GC invocations=38 (full 0):
 garbage-first heap   total 143360K, used 84130K [0x0000000700000000, 0x0000000800000000)
  region size 2048K, 1 young (2048K), 1 survivors (2048K)
 Metaspace       used 70330K, committed 71040K, reserved 491520K
  class space    used 9847K, committed 10176K, reserved 425984K
}
Event: 17.384 GC heap before
{Heap before GC invocations=38 (full 0):
 garbage-first heap   total 143360K, used 112802K [0x0000000700000000, 0x0000000800000000)
  region size 2048K, 15 young (30720K), 1 survivors (2048K)
 Metaspace       used 72292K, committed 72960K, reserved 491520K
  class space    used 10087K, committed 10432K, reserved 425984K
}
Event: 17.388 GC heap after
{Heap after GC invocations=39 (full 0):
 garbage-first heap   total 286720K, used 85540K [0x0000000700000000, 0x0000000800000000)
  region size 2048K, 1 young (2048K), 1 survivors (2048K)
 Metaspace       used 72292K, committed 72960K, reserved 491520K
  class space    used 10087K, committed 10432K, reserved 425984K
}
Event: 19.799 GC heap before
{Heap before GC invocations=40 (full 0):
 garbage-first heap   total 286720K, used 218660K [0x0000000700000000, 0x0000000800000000)
  region size 2048K, 64 young (131072K), 1 survivors (2048K)
 Metaspace       used 78020K, committed 78784K, reserved 557056K
  class space    used 10961K, committed 11328K, reserved 425984K
}
Event: 19.809 GC heap after
{Heap after GC invocations=41 (full 0):
 garbage-first heap   total 286720K, used 96735K [0x0000000700000000, 0x0000000800000000)
  region size 2048K, 5 young (10240K), 5 survivors (10240K)
 Metaspace       used 78020K, committed 78784K, reserved 557056K
  class space    used 10961K, committed 11328K, reserved 425984K
}
Event: 19.880 GC heap before
{Heap before GC invocations=41 (full 0):
 garbage-first heap   total 286720K, used 98783K [0x0000000700000000, 0x0000000800000000)
  region size 2048K, 7 young (14336K), 5 survivors (10240K)
 Metaspace       used 78066K, committed 78912K, reserved 557056K
  class space    used 10968K, committed 11392K, reserved 425984K
}
Event: 19.889 GC heap after
{Heap after GC invocations=42 (full 0):
 garbage-first heap   total 286720K, used 96687K [0x0000000700000000, 0x0000000800000000)
  region size 2048K, 1 young (2048K), 1 survivors (2048K)
 Metaspace       used 78066K, committed 78912K, reserved 557056K
  class space    used 10968K, committed 11392K, reserved 425984K
}

Deoptimization events (20 events):
Event: 20.985 Thread 0x000001f57a969f80 DEOPT PACKING pc=0x000001f560b95d5c sp=0x0000008af6ff02f0
Event: 20.985 Thread 0x000001f57a969f80 DEOPT UNPACKING pc=0x000001f5600a23a3 sp=0x0000008af6ff01f0 mode 2
Event: 21.050 Thread 0x000001f57a969f80 DEOPT PACKING pc=0x000001f559093dfe sp=0x0000008af6ff1d30
Event: 21.050 Thread 0x000001f57a969f80 DEOPT UNPACKING pc=0x000001f5600a2b43 sp=0x0000008af6ff11e0 mode 0
Event: 21.077 Thread 0x000001f57a969f80 DEOPT PACKING pc=0x000001f559093dfe sp=0x0000008af6ff1fe0
Event: 21.077 Thread 0x000001f57a969f80 DEOPT UNPACKING pc=0x000001f5600a2b43 sp=0x0000008af6ff1490 mode 0
Event: 21.183 Thread 0x000001f57a969f80 Uncommon trap: trap_request=0xffffff45 fr.pc=0x000001f56072cc70 relative=0x00000000000012d0
Event: 21.183 Thread 0x000001f57a969f80 Uncommon trap: reason=unstable_if action=reinterpret pc=0x000001f56072cc70 method=org.codehaus.groovy.runtime.metaclass.MetaMethodIndex.isOverridden(Lgroovy/lang/MetaMethod;Lgroovy/lang/MetaMethod;)Z @ 52 c2
Event: 21.183 Thread 0x000001f57a969f80 DEOPT PACKING pc=0x000001f56072cc70 sp=0x0000008af6ff0c90
Event: 21.183 Thread 0x000001f57a969f80 DEOPT UNPACKING pc=0x000001f5600a23a3 sp=0x0000008af6ff0be8 mode 2
Event: 21.228 Thread 0x000001f57a969f80 Uncommon trap: trap_request=0xffffffc6 fr.pc=0x000001f56095938c relative=0x00000000000035ec
Event: 21.228 Thread 0x000001f57a969f80 Uncommon trap: reason=bimorphic_or_optimized_type_check action=maybe_recompile pc=0x000001f56095938c method=java.util.AbstractCollection.addAll(Ljava/util/Collection;)Z @ 29 c2
Event: 21.228 Thread 0x000001f57a969f80 DEOPT PACKING pc=0x000001f56095938c sp=0x0000008af6ff05b0
Event: 21.228 Thread 0x000001f57a969f80 DEOPT UNPACKING pc=0x000001f5600a23a3 sp=0x0000008af6ff05b0 mode 2
Event: 21.255 Thread 0x000001f57a969f80 DEOPT PACKING pc=0x000001f559093dfe sp=0x0000008af6ff0000
Event: 21.255 Thread 0x000001f57a969f80 DEOPT UNPACKING pc=0x000001f5600a2b43 sp=0x0000008af6fef4b0 mode 0
Event: 21.285 Thread 0x000001f57a969f80 DEOPT PACKING pc=0x000001f559093dfe sp=0x0000008af6ff0080
Event: 21.285 Thread 0x000001f57a969f80 DEOPT UNPACKING pc=0x000001f5600a2b43 sp=0x0000008af6fef530 mode 0
Event: 21.314 Thread 0x000001f57a969f80 DEOPT PACKING pc=0x000001f5591784e6 sp=0x0000008af6ff3630
Event: 21.314 Thread 0x000001f57a969f80 DEOPT UNPACKING pc=0x000001f5600a2b43 sp=0x0000008af6ff2af8 mode 0

Classes unloaded (2 events):
Event: 15.966 Thread 0x000001f57393b310 Unloading class 0x000001f50191c538 '_BuildScript_$_run_closure1'
Event: 15.966 Thread 0x000001f57393b310 Unloading class 0x000001f50191c000 '_BuildScript_'

Classes redefined (0 events):
No events

Internal exceptions (20 events):
Event: 21.188 Thread 0x000001f57a969f80 Exception <a 'java/lang/ClassNotFoundException'{0x000000070c363070}: com/android/build/gradle/internal/dsl/BuildType$AgpDecorated_DecoratedBeanInfo> (0x000000070c363070) 
thrown [s\open\src\hotspot\share\classfile\systemDictionary.cpp, line 256]
Event: 21.188 Thread 0x000001f57a969f80 Exception <a 'java/lang/ClassNotFoundException'{0x000000070c3742f8}: com/android/build/gradle/internal/dsl/BuildType$AgpDecoratedBeanInfo> (0x000000070c3742f8) 
thrown [s\open\src\hotspot\share\classfile\systemDictionary.cpp, line 256]
Event: 21.189 Thread 0x000001f57a969f80 Exception <a 'java/lang/ClassNotFoundException'{0x000000070c385400}: com/android/build/gradle/internal/dsl/BuildTypeBeanInfo> (0x000000070c385400) 
thrown [s\open\src\hotspot\share\classfile\systemDictionary.cpp, line 256]
Event: 21.189 Thread 0x000001f57a969f80 Exception <a 'java/lang/ClassNotFoundException'{0x000000070c3962d0}: com/android/builder/core/AbstractBuildTypeBeanInfo> (0x000000070c3962d0) 
thrown [s\open\src\hotspot\share\classfile\systemDictionary.cpp, line 256]
Event: 21.190 Thread 0x000001f57a969f80 Exception <a 'java/lang/ClassNotFoundException'{0x000000070c3a7190}: com/android/builder/core/AbstractBuildTypeCustomizer> (0x000000070c3a7190) 
thrown [s\open\src\hotspot\share\classfile\systemDictionary.cpp, line 256]
Event: 21.191 Thread 0x000001f57a969f80 Exception <a 'java/lang/ClassNotFoundException'{0x000000070c3d4ab0}: com/android/build/gradle/internal/dsl/BuildTypeCustomizer> (0x000000070c3d4ab0) 
thrown [s\open\src\hotspot\share\classfile\systemDictionary.cpp, line 256]
Event: 21.193 Thread 0x000001f57a969f80 Exception <a 'java/lang/ClassNotFoundException'{0x000000070c062c20}: com/android/build/gradle/internal/dsl/BuildType$AgpDecoratedCustomizer> (0x000000070c062c20) 
thrown [s\open\src\hotspot\share\classfile\systemDictionary.cpp, line 256]
Event: 21.196 Thread 0x000001f57a969f80 Exception <a 'java/lang/ClassNotFoundException'{0x000000070c0b8c90}: com/android/build/gradle/internal/dsl/BuildType$AgpDecorated_DecoratedCustomizer> (0x000000070c0b8c90) 
thrown [s\open\src\hotspot\share\classfile\systemDictionary.cpp, line 256]
Event: 21.258 Thread 0x000001f57a969f80 Exception <a 'java/lang/ClassNotFoundException'{0x000000070bd5f090}: org/gradle/api/internal/artifacts/configurations/DefaultConfigurationContainer_DecoratedBeanInfo> (0x000000070bd5f090) 
thrown [s\open\src\hotspot\share\classfile\systemDictionary.cpp, line 256]
Event: 21.259 Thread 0x000001f57a969f80 Exception <a 'java/lang/ClassNotFoundException'{0x000000070bd81658}: org/gradle/api/internal/artifacts/configurations/DefaultConfigurationContainerBeanInfo> (0x000000070bd81658) 
thrown [s\open\src\hotspot\share\classfile\systemDictionary.cpp, line 256]
Event: 21.260 Thread 0x000001f57a969f80 Exception <a 'java/lang/ClassNotFoundException'{0x000000070bda02d8}: org/gradle/api/internal/AbstractValidatingNamedDomainObjectContainerBeanInfo> (0x000000070bda02d8) 
thrown [s\open\src\hotspot\share\classfile\systemDictionary.cpp, line 256]
Event: 21.263 Thread 0x000001f57a969f80 Exception <a 'java/lang/ClassNotFoundException'{0x000000070bdbea28}: org/gradle/api/internal/AbstractValidatingNamedDomainObjectContainerCustomizer> (0x000000070bdbea28) 
thrown [s\open\src\hotspot\share\classfile\systemDictionary.cpp, line 256]
Event: 21.267 Thread 0x000001f57a969f80 Exception <a 'java/lang/ClassNotFoundException'{0x000000070bdec3a0}: org/gradle/api/internal/artifacts/configurations/DefaultConfigurationContainerCustomizer> (0x000000070bdec3a0) 
thrown [s\open\src\hotspot\share\classfile\systemDictionary.cpp, line 256]
Event: 21.270 Thread 0x000001f57a969f80 Exception <a 'java/lang/ClassNotFoundException'{0x000000070ba26750}: org/gradle/api/internal/artifacts/configurations/DefaultConfigurationContainer_DecoratedCustomizer> (0x000000070ba26750) 
thrown [s\open\src\hotspot\share\classfile\systemDictionary.cpp, line 256]
Event: 21.289 Thread 0x000001f57a969f80 Exception <a 'java/lang/ClassNotFoundException'{0x000000070b8e8038}: org/gradle/api/internal/artifacts/configurations/DefaultConfiguration_DecoratedBeanInfo> (0x000000070b8e8038) 
thrown [s\open\src\hotspot\share\classfile\systemDictionary.cpp, line 256]
Event: 21.290 Thread 0x000001f57a969f80 Exception <a 'java/lang/ClassNotFoundException'{0x000000070b90a578}: org/gradle/api/internal/artifacts/configurations/DefaultConfigurationBeanInfo> (0x000000070b90a578) 
thrown [s\open\src\hotspot\share\classfile\systemDictionary.cpp, line 256]
Event: 21.292 Thread 0x000001f57a969f80 Exception <a 'java/lang/ClassNotFoundException'{0x000000070b928b08}: org/gradle/api/internal/file/AbstractFileCollectionBeanInfo> (0x000000070b928b08) 
thrown [s\open\src\hotspot\share\classfile\systemDictionary.cpp, line 256]
Event: 21.295 Thread 0x000001f57a969f80 Exception <a 'java/lang/ClassNotFoundException'{0x000000070b947068}: org/gradle/api/internal/file/AbstractFileCollectionCustomizer> (0x000000070b947068) 
thrown [s\open\src\hotspot\share\classfile\systemDictionary.cpp, line 256]
Event: 21.298 Thread 0x000001f57a969f80 Exception <a 'java/lang/ClassNotFoundException'{0x000000070b97b858}: org/gradle/api/internal/artifacts/configurations/DefaultConfigurationCustomizer> (0x000000070b97b858) 
thrown [s\open\src\hotspot\share\classfile\systemDictionary.cpp, line 256]
Event: 21.303 Thread 0x000001f57a969f80 Exception <a 'java/lang/ClassNotFoundException'{0x000000070b9f46b0}: org/gradle/api/internal/artifacts/configurations/DefaultConfiguration_DecoratedCustomizer> (0x000000070b9f46b0) 
thrown [s\open\src\hotspot\share\classfile\systemDictionary.cpp, line 256]

VM Operations (20 events):
Event: 17.527 Executing VM operation: G1Concurrent
Event: 17.527 Executing VM operation: G1Concurrent done
Event: 17.824 Executing VM operation: HandshakeAllThreads
Event: 17.824 Executing VM operation: HandshakeAllThreads done
Event: 18.408 Executing VM operation: HandshakeAllThreads
Event: 18.408 Executing VM operation: HandshakeAllThreads done
Event: 18.717 Executing VM operation: ICBufferFull
Event: 18.717 Executing VM operation: ICBufferFull done
Event: 19.504 Executing VM operation: ICBufferFull
Event: 19.505 Executing VM operation: ICBufferFull done
Event: 19.799 Executing VM operation: G1CollectForAllocation
Event: 19.809 Executing VM operation: G1CollectForAllocation done
Event: 19.880 Executing VM operation: G1CollectForAllocation
Event: 19.890 Executing VM operation: G1CollectForAllocation done
Event: 20.358 Executing VM operation: ICBufferFull
Event: 20.358 Executing VM operation: ICBufferFull done
Event: 21.369 Executing VM operation: Cleanup
Event: 21.370 Executing VM operation: Cleanup done
Event: 22.371 Executing VM operation: Cleanup
Event: 22.372 Executing VM operation: Cleanup done

Events (20 events):
Event: 20.724 loading class java/io/NotSerializableException
Event: 20.725 loading class java/io/NotSerializableException done
Event: 20.810 loading class sun/reflect/annotation/TypeAnnotationParser
Event: 20.810 loading class sun/reflect/annotation/TypeAnnotationParser done
Event: 20.810 loading class sun/reflect/annotation/TypeAnnotation
Event: 20.811 loading class sun/reflect/annotation/TypeAnnotation done
Event: 20.811 loading class sun/reflect/annotation/TypeAnnotation$TypeAnnotationTarget
Event: 20.811 loading class sun/reflect/annotation/TypeAnnotation$TypeAnnotationTarget done
Event: 20.853 Thread 0x000001f57931d1b0 Thread exited: 0x000001f57931d1b0
Event: 20.853 Thread 0x000001f57b251250 Thread exited: 0x000001f57b251250
Event: 20.906 Thread 0x000001f57b24e7d0 Thread added: 0x000001f57b24e7d0
Event: 21.033 loading class java/beans/IntrospectionException
Event: 21.034 loading class java/beans/IntrospectionException done
Event: 21.049 Thread 0x000001f57b2507b0 Thread added: 0x000001f57b2507b0
Event: 21.791 loading class java/lang/Properties
Event: 21.791 loading class java/lang/Properties done
Event: 21.793 loading class java/io/Properties
Event: 21.793 loading class java/io/Properties done
Event: 21.795 loading class java/net/Properties
Event: 21.795 loading class java/net/Properties done


Dynamic libraries:
0x00007ff6debe0000 - 0x00007ff6debf0000 	C:\Program Files\Java\jdk-17\bin\java.exe
0x00007ff887d60000 - 0x00007ff887fc7000 	C:\WINDOWS\SYSTEM32\ntdll.dll
0x00007ff8863d0000 - 0x00007ff886499000 	C:\WINDOWS\System32\KERNEL32.DLL
0x00007ff885340000 - 0x00007ff885730000 	C:\WINDOWS\System32\KERNELBASE.dll
0x00007ff885160000 - 0x00007ff8852ab000 	C:\WINDOWS\System32\ucrtbase.dll
0x00007ff829950000 - 0x00007ff82996b000 	C:\Program Files\Java\jdk-17\bin\VCRUNTIME140.dll
0x00007ffff07f0000 - 0x00007ffff0809000 	C:\Program Files\Java\jdk-17\bin\jli.dll
0x00007ff8878a0000 - 0x00007ff887954000 	C:\WINDOWS\System32\ADVAPI32.dll
0x00007ff885f80000 - 0x00007ff886029000 	C:\WINDOWS\System32\msvcrt.dll
0x00007ff886150000 - 0x00007ff8861f6000 	C:\WINDOWS\System32\sechost.dll
0x00007ff887080000 - 0x00007ff887198000 	C:\WINDOWS\System32\RPCRT4.dll
0x00007ff886eb0000 - 0x00007ff887075000 	C:\WINDOWS\System32\USER32.dll
0x00007ff885880000 - 0x00007ff8858a7000 	C:\WINDOWS\System32\win32u.dll
0x00007ff86b1d0000 - 0x00007ff86b46a000 	C:\WINDOWS\WinSxS\amd64_microsoft.windows.common-controls_6595b64144ccf1df_6.0.26100.4768_none_3e0c112ce331287c\COMCTL32.dll
0x00007ff887960000 - 0x00007ff88798b000 	C:\WINDOWS\System32\GDI32.dll
0x00007ff885740000 - 0x00007ff885878000 	C:\WINDOWS\System32\gdi32full.dll
0x00007ff885010000 - 0x00007ff8850b3000 	C:\WINDOWS\System32\msvcp_win.dll
0x00007ff8828e0000 - 0x00007ff8828eb000 	C:\WINDOWS\SYSTEM32\VERSION.dll
0x00007ff886720000 - 0x00007ff88674f000 	C:\WINDOWS\System32\IMM32.DLL
0x00007ff8718f0000 - 0x00007ff8718fc000 	C:\Program Files\Java\jdk-17\bin\vcruntime140_1.dll
0x00007ffff0760000 - 0x00007ffff07ee000 	C:\Program Files\Java\jdk-17\bin\msvcp140.dll
0x00007ff800350000 - 0x00007ff800f30000 	C:\Program Files\Java\jdk-17\bin\server\jvm.dll
0x00007ff887c10000 - 0x00007ff887c18000 	C:\WINDOWS\System32\PSAPI.DLL
0x00007ff87f640000 - 0x00007ff87f64a000 	C:\WINDOWS\SYSTEM32\WSOCK32.dll
0x00007ff874210000 - 0x00007ff874245000 	C:\WINDOWS\SYSTEM32\WINMM.dll
0x00007ff886690000 - 0x00007ff886704000 	C:\WINDOWS\System32\WS2_32.dll
0x00007ff883c10000 - 0x00007ff883c2b000 	C:\WINDOWS\SYSTEM32\kernel.appcore.dll
0x00007ff871870000 - 0x00007ff87187a000 	C:\Program Files\Java\jdk-17\bin\jimage.dll
0x00007ff87a4e0000 - 0x00007ff87a721000 	C:\WINDOWS\SYSTEM32\DBGHELP.DLL
0x00007ff887220000 - 0x00007ff8875a5000 	C:\WINDOWS\System32\combase.dll
0x00007ff887b20000 - 0x00007ff887c00000 	C:\WINDOWS\System32\OLEAUT32.dll
0x00007ff8787a0000 - 0x00007ff8787e3000 	C:\WINDOWS\SYSTEM32\dbgcore.DLL
0x00007ff8850c0000 - 0x00007ff885159000 	C:\WINDOWS\System32\bcryptPrimitives.dll
0x00007ff87cf80000 - 0x00007ff87cf8e000 	C:\Program Files\Java\jdk-17\bin\instrument.dll
0x00007ff806d70000 - 0x00007ff806d95000 	C:\Program Files\Java\jdk-17\bin\java.dll
0x00007ff806900000 - 0x00007ff8069d7000 	C:\Program Files\Java\jdk-17\bin\jsvml.dll
0x00007ff886760000 - 0x00007ff886ead000 	C:\WINDOWS\System32\SHELL32.dll
0x00007ff884e90000 - 0x00007ff885003000 	C:\WINDOWS\System32\wintypes.dll
0x00007ff882ab0000 - 0x00007ff883310000 	C:\WINDOWS\SYSTEM32\windows.storage.dll
0x00007ff886030000 - 0x00007ff886125000 	C:\WINDOWS\System32\SHCORE.dll
0x00007ff887a10000 - 0x00007ff887a7a000 	C:\WINDOWS\System32\shlwapi.dll
0x00007ff884db0000 - 0x00007ff884dd9000 	C:\WINDOWS\SYSTEM32\profapi.dll
0x00007ff818920000 - 0x00007ff818938000 	C:\Program Files\Java\jdk-17\bin\zip.dll
0x00007ff818c30000 - 0x00007ff818c49000 	C:\Program Files\Java\jdk-17\bin\net.dll
0x00007ff87d1c0000 - 0x00007ff87d2de000 	C:\WINDOWS\SYSTEM32\WINHTTP.dll
0x00007ff8841a0000 - 0x00007ff88420b000 	C:\WINDOWS\system32\mswsock.dll
0x00007ff818bd0000 - 0x00007ff818be6000 	C:\Program Files\Java\jdk-17\bin\nio.dll
0x00007ff86c370000 - 0x00007ff86c380000 	C:\Program Files\Java\jdk-17\bin\verify.dll
0x00007ff828a90000 - 0x00007ff828ab7000 	C:\Users\LAPTOP INSIDE\.gradle\native\68d5fa5c4cc2d200863cafc0d521ce42e7d3e7ee720ec0a83991735586a16f82\windows-amd64\native-platform.dll
0x00007ff800200000 - 0x00007ff800344000 	C:\Users\LAPTOP INSIDE\.gradle\native\e376f236ea51e6404a007f0833ffe2c6e607c4080706a723a18a27aeea778392\windows-amd64\native-platform-file-events.dll
0x00007ff866510000 - 0x00007ff86651a000 	C:\Program Files\Java\jdk-17\bin\management.dll
0x00007ff85d4c0000 - 0x00007ff85d4cb000 	C:\Program Files\Java\jdk-17\bin\management_ext.dll
0x00007ff884460000 - 0x00007ff88447b000 	C:\WINDOWS\SYSTEM32\CRYPTSP.dll
0x00007ff883b70000 - 0x00007ff883bab000 	C:\WINDOWS\system32\rsaenh.dll
0x00007ff884240000 - 0x00007ff88426b000 	C:\WINDOWS\SYSTEM32\USERENV.dll
0x00007ff884d80000 - 0x00007ff884da6000 	C:\WINDOWS\SYSTEM32\bcrypt.dll
0x00007ff884480000 - 0x00007ff88448c000 	C:\WINDOWS\SYSTEM32\CRYPTBASE.dll
0x00007ff883620000 - 0x00007ff883653000 	C:\WINDOWS\SYSTEM32\IPHLPAPI.DLL
0x00007ff886710000 - 0x00007ff88671a000 	C:\WINDOWS\System32\NSI.dll
0x00007ff87ccb0000 - 0x00007ff87cccf000 	C:\WINDOWS\SYSTEM32\dhcpcsvc6.DLL
0x00007ff87cc10000 - 0x00007ff87cc35000 	C:\WINDOWS\SYSTEM32\dhcpcsvc.DLL
0x00007ff883710000 - 0x00007ff883836000 	C:\WINDOWS\SYSTEM32\DNSAPI.dll
0x00007ff85d3b0000 - 0x00007ff85d3be000 	C:\Program Files\Java\jdk-17\bin\sunmscapi.dll
0x00007ff8858b0000 - 0x00007ff885a27000 	C:\WINDOWS\System32\CRYPT32.dll
0x00007ff884680000 - 0x00007ff8846b0000 	C:\WINDOWS\SYSTEM32\ncrypt.dll
0x00007ff884630000 - 0x00007ff88466f000 	C:\WINDOWS\SYSTEM32\NTASN1.dll
0x00007ff8088b0000 - 0x00007ff8088b8000 	C:\WINDOWS\system32\wshunix.dll

dbghelp: loaded successfully - version: 4.0.5 - missing functions: none
symbol engine: initialized successfully - sym options: 0x614 - pdb path: .;C:\Program Files\Java\jdk-17\bin;C:\WINDOWS\SYSTEM32;C:\WINDOWS\WinSxS\amd64_microsoft.windows.common-controls_6595b64144ccf1df_6.0.26100.4768_none_3e0c112ce331287c;C:\Program Files\Java\jdk-17\bin\server;C:\Users\LAPTOP INSIDE\.gradle\native\68d5fa5c4cc2d200863cafc0d521ce42e7d3e7ee720ec0a83991735586a16f82\windows-amd64;C:\Users\LAPTOP INSIDE\.gradle\native\e376f236ea51e6404a007f0833ffe2c6e607c4080706a723a18a27aeea778392\windows-amd64

VM Arguments:
jvm_args: -XX:MaxMetaspaceSize=512m -XX:+HeapDumpOnOutOfMemoryError --add-opens=java.base/java.util=ALL-UNNAMED --add-opens=java.base/java.lang=ALL-UNNAMED --add-opens=java.base/java.lang.invoke=ALL-UNNAMED --add-opens=java.prefs/java.util.prefs=ALL-UNNAMED --add-opens=java.base/java.nio.charset=ALL-UNNAMED --add-opens=java.base/java.net=ALL-UNNAMED --add-opens=java.base/java.util.concurrent.atomic=ALL-UNNAMED -Xmx4096m -Dfile.encoding=UTF-8 -Duser.country=US -Duser.language=en -Duser.variant -javaagent:C:\Users\LAPTOP INSIDE\.gradle\wrapper\dists\gradle-8.2-all\6mxqtxovn2faat1idb7p6lxsa\gradle-8.2\lib\agents\gradle-instrumentation-agent-8.2.jar 
java_command: org.gradle.launcher.daemon.bootstrap.GradleDaemon 8.2
java_class_path (initial): C:\Users\LAPTOP INSIDE\.gradle\wrapper\dists\gradle-8.2-all\6mxqtxovn2faat1idb7p6lxsa\gradle-8.2\lib\gradle-launcher-8.2.jar
Launcher Type: SUN_STANDARD

[Global flags]
     intx CICompilerCount                          = 4                                         {product} {ergonomic}
   size_t CompressedClassSpaceSize                 = 436207616                                 {product} {ergonomic}
     uint ConcGCThreads                            = 2                                         {product} {ergonomic}
     uint G1ConcRefinementThreads                  = 8                                         {product} {ergonomic}
   size_t G1HeapRegionSize                         = 2097152                                   {product} {ergonomic}
    uintx GCDrainStackTargetSize                   = 64                                        {product} {ergonomic}
     bool HeapDumpOnOutOfMemoryError               = true                                   {manageable} {command line}
   size_t InitialHeapSize                          = 234881024                                 {product} {ergonomic}
   size_t MarkStackSize                            = 4194304                                   {product} {ergonomic}
   size_t MaxHeapSize                              = 4294967296                                {product} {command line}
   size_t MaxMetaspaceSize                         = 536870912                                 {product} {command line}
   size_t MaxNewSize                               = 2575302656                                {product} {ergonomic}
   size_t MinHeapDeltaBytes                        = 2097152                                   {product} {ergonomic}
   size_t MinHeapSize                              = 8388608                                   {product} {ergonomic}
    uintx NonNMethodCodeHeapSize                   = 5839372                                {pd product} {ergonomic}
    uintx NonProfiledCodeHeapSize                  = 122909434                              {pd product} {ergonomic}
    uintx ProfiledCodeHeapSize                     = 122909434                              {pd product} {ergonomic}
    uintx ReservedCodeCacheSize                    = 251658240                              {pd product} {ergonomic}
     bool SegmentedCodeCache                       = true                                      {product} {ergonomic}
   size_t SoftMaxHeapSize                          = 4294967296                             {manageable} {ergonomic}
     bool UseCompressedClassPointers               = true                           {product lp64_product} {ergonomic}
     bool UseCompressedOops                        = true                           {product lp64_product} {ergonomic}
     bool UseG1GC                                  = true                                      {product} {ergonomic}
     bool UseLargePagesIndividualAllocation        = false                                  {pd product} {ergonomic}

Logging:
Log output configuration:
 #0: stdout all=warning uptime,level,tags
 #1: stderr all=off uptime,level,tags

Environment Variables:
JAVA_HOME=C:\Program Files\Java\jdk-17
CLASSPATH=D:\sport_app\sports_app\android\\gradle\wrapper\gradle-wrapper.jar
PATH=C:\Program Files\Common Files\Oracle\Java\javapath;C:\WINDOWS\system32;C:\WINDOWS;C:\WINDOWS\System32\Wbem;C:\WINDOWS\System32\WindowsPowerShell\v1.0\;C:\WINDOWS\System32\OpenSSH\;C:\Program Files\Git\cmd;D:\flutter\bin;C:\Users\LAPTOP INSIDE\AppData\Local\Android\Sdk\platform-tools;C:\Users\LAPTOP INSIDE\AppData\Local\Microsoft\WindowsApps;C:\Users\LAPTOP INSIDE\AppData\Local\Programs\Microsoft VS Code\bin;
USERNAME=LAPTOP INSIDE
OS=Windows_NT
PROCESSOR_IDENTIFIER=AMD64 Family 23 Model 24 Stepping 1, AuthenticAMD



---------------  S Y S T E M  ---------------

OS:
 Windows 11 , 64 bit Build 26100 (10.0.26100.4768)
OS uptime: 0 days 23:38 hours

CPU: total 8 (initial active 8) (8 cores per cpu, 2 threads per core) family 23 model 24 stepping 1 microcode 0x8108109, cx8, cmov, fxsr, ht, mmx, 3dnowpref, sse, sse2, sse3, ssse3, sse4a, sse4.1, sse4.2, popcnt, lzcnt, tsc, tscinvbit, avx, avx2, aes, clmul, bmi1, bmi2, adx, sha, fma, vzeroupper, clflush, clflushopt

Memory: 4k page, system-wide physical 14269M (906M free)
TotalPageFile size 29683M (AvailPageFile size 58M)
current process WorkingSet (physical memory assigned to process): 532M, peak: 535M
current process commit charge ("private bytes"): 584M, peak: 588M

vm_info: Java HotSpot(TM) 64-Bit Server VM (17.0.12+8-LTS-286) for windows-amd64 JRE (17.0.12+8-LTS-286), built on Jun  5 2024 06:46:59 by "mach5one" with MS VC++ 17.6 (VS2022)

END.
